[I 2024-03-21 02:11:50,900] Trial 306 finished with value: 3.9996348698933923 and parameters: {'lr': 0.0001, 'h1': 512, 'h2': 1024, 'batch_size': 8, 'num_epochs': 200}. Best is trial 294 with value: 3.210653704404831.
[I 2024-03-21 02:12:39,281] Trial 307 finished with value: 4.020814275741577 and parameters: {'lr': 0.001, 'h1': 512, 'h2': 1024, 'batch_size': 16, 'num_epochs': 200}. Best is trial 294 with value: 3.210653704404831.
[I 2024-03-21 02:13:28,409] Trial 308 finished with value: 3.4512067258358003 and parameters: {'lr': 0.001, 'h1': 1024, 'h2': 1024, 'batch_size': 16, 'num_epochs': 200}. Best is trial 294 with value: 3.210653704404831.
[I 2024-03-21 02:14:17,729] Trial 309 finished with value: 3.8164339542388914 and parameters: {'lr': 0.001, 'h1': 1024, 'h2': 1024, 'batch_size': 16, 'num_epochs': 200}. Best is trial 294 with value: 3.210653704404831.
[I 2024-03-21 02:15:00,858] Trial 310 finished with value: 3.930227756500244 and parameters: {'lr': 0.001, 'h1': 512, 'h2': 1024, 'batch_size': 16, 'num_epochs': 100}. Best is trial 294 with value: 3.210653704404831.
[I 2024-03-21 02:15:49,628] Trial 311 finished with value: 3.631967027485371 and parameters: {'lr': 0.001, 'h1': 1024, 'h2': 1024, 'batch_size': 16, 'num_epochs': 200}. Best is trial 294 with value: 3.210653704404831.
[I 2024-03-21 02:16:38,440] Trial 312 finished with value: 3.9336948156356812 and parameters: {'lr': 0.001, 'h1': 1024, 'h2': 1024, 'batch_size': 16, 'num_epochs': 200}. Best is trial 294 with value: 3.210653704404831.
[I 2024-03-21 02:17:27,192] Trial 313 finished with value: 4.234985733032227 and parameters: {'lr': 0.001, 'h1': 1024, 'h2': 1024, 'batch_size': 16, 'num_epochs': 200}. Best is trial 294 with value: 3.210653704404831.
[I 2024-03-21 02:18:14,960] Trial 314 finished with value: 3.486556687951088 and parameters: {'lr': 0.001, 'h1': 512, 'h2': 256, 'batch_size': 16, 'num_epochs': 200}. Best is trial 294 with value: 3.210653704404831.
[I 2024-03-21 02:18:58,109] Trial 315 finished with value: 4.168545842170715 and parameters: {'lr': 0.001, 'h1': 512, 'h2': 1024, 'batch_size': 16, 'num_epochs': 100}. Best is trial 294 with value: 3.210653704404831.
[I 2024-03-21 02:19:46,329] Trial 316 finished with value: 3.939419913291931 and parameters: {'lr': 0.001, 'h1': 512, 'h2': 1024, 'batch_size': 16, 'num_epochs': 200}. Best is trial 294 with value: 3.210653704404831.
[I 2024-03-21 02:20:34,172] Trial 317 finished with value: 3.9688167810440063 and parameters: {'lr': 0.001, 'h1': 512, 'h2': 256, 'batch_size': 16, 'num_epochs': 200}. Best is trial 294 with value: 3.210653704404831.
[I 2024-03-21 02:21:22,002] Trial 318 finished with value: 3.3363953948020937 and parameters: {'lr': 0.001, 'h1': 512, 'h2': 256, 'batch_size': 16, 'num_epochs': 200}. Best is trial 294 with value: 3.210653704404831.
[I 2024-03-21 02:22:09,753] Trial 319 finished with value: 3.3254508912563323 and parameters: {'lr': 0.001, 'h1': 512, 'h2': 256, 'batch_size': 16, 'num_epochs': 200}. Best is trial 294 with value: 3.210653704404831.
[I 2024-03-21 02:22:57,495] Trial 320 finished with value: 4.592289590835572 and parameters: {'lr': 0.001, 'h1': 512, 'h2': 256, 'batch_size': 16, 'num_epochs': 200}. Best is trial 294 with value: 3.210653704404831.
[I 2024-03-21 02:23:45,155] Trial 321 finished with value: 4.059252548217773 and parameters: {'lr': 0.001, 'h1': 512, 'h2': 256, 'batch_size': 16, 'num_epochs': 200}. Best is trial 294 with value: 3.210653704404831.
[I 2024-03-21 02:24:32,858] Trial 322 finished with value: 4.237681519985199 and parameters: {'lr': 0.001, 'h1': 512, 'h2': 256, 'batch_size': 16, 'num_epochs': 200}. Best is trial 294 with value: 3.210653704404831.
[I 2024-03-21 02:25:20,573] Trial 323 finished with value: 3.58211373090744 and parameters: {'lr': 0.001, 'h1': 512, 'h2': 256, 'batch_size': 16, 'num_epochs': 200}. Best is trial 294 with value: 3.210653704404831.
[I 2024-03-21 02:26:08,332] Trial 324 finished with value: 4.378425741195679 and parameters: {'lr': 0.001, 'h1': 512, 'h2': 256, 'batch_size': 16, 'num_epochs': 200}. Best is trial 294 with value: 3.210653704404831.
[I 2024-03-21 02:26:56,145] Trial 325 finished with value: 3.3857213616371156 and parameters: {'lr': 0.001, 'h1': 512, 'h2': 256, 'batch_size': 16, 'num_epochs': 200}. Best is trial 294 with value: 3.210653704404831.
[I 2024-03-21 02:27:43,958] Trial 326 finished with value: 3.7233787059783934 and parameters: {'lr': 0.001, 'h1': 512, 'h2': 256, 'batch_size': 16, 'num_epochs': 200}. Best is trial 294 with value: 3.210653704404831.
[I 2024-03-21 02:28:36,439] Trial 327 finished with value: 3.573043143749237 and parameters: {'lr': 0.001, 'h1': 512, 'h2': 256, 'batch_size': 16, 'num_epochs': 300}. Best is trial 294 with value: 3.210653704404831.
[I 2024-03-21 02:29:24,729] Trial 328 finished with value: 3.4131961524486543 and parameters: {'lr': 0.001, 'h1': 512, 'h2': 256, 'batch_size': 16, 'num_epochs': 200}. Best is trial 294 with value: 3.210653704404831.
[I 2024-03-21 02:30:12,592] Trial 329 finished with value: 4.240578627586364 and parameters: {'lr': 0.001, 'h1': 512, 'h2': 256, 'batch_size': 16, 'num_epochs': 200}. Best is trial 294 with value: 3.210653704404831.
[I 2024-03-21 02:31:22,608] Trial 330 finished with value: 4.2078417921066285 and parameters: {'lr': 0.0001, 'h1': 512, 'h2': 256, 'batch_size': 4, 'num_epochs': 200}. Best is trial 294 with value: 3.210653704404831.
[I 2024-03-21 02:32:18,314] Trial 331 finished with value: 3.69765567779541 and parameters: {'lr': 0.001, 'h1': 512, 'h2': 256, 'batch_size': 8, 'num_epochs': 200}. Best is trial 294 with value: 3.210653704404831.
[I 2024-03-21 02:33:05,982] Trial 332 finished with value: 4.250293111801147 and parameters: {'lr': 0.001, 'h1': 512, 'h2': 256, 'batch_size': 16, 'num_epochs': 200}. Best is trial 294 with value: 3.210653704404831.
[I 2024-03-21 02:33:53,737] Trial 333 finished with value: 4.165326499938965 and parameters: {'lr': 0.001, 'h1': 512, 'h2': 256, 'batch_size': 16, 'num_epochs': 200}. Best is trial 294 with value: 3.210653704404831.
[I 2024-03-21 02:34:41,559] Trial 334 finished with value: 3.9961834073066713 and parameters: {'lr': 0.001, 'h1': 512, 'h2': 256, 'batch_size': 16, 'num_epochs': 200}. Best is trial 294 with value: 3.210653704404831.
[I 2024-03-21 02:35:29,459] Trial 335 finished with value: 3.7781868457794188 and parameters: {'lr': 0.001, 'h1': 512, 'h2': 256, 'batch_size': 16, 'num_epochs': 200}. Best is trial 294 with value: 3.210653704404831.
[I 2024-03-21 02:36:17,241] Trial 336 finished with value: 3.497827637195587 and parameters: {'lr': 0.001, 'h1': 512, 'h2': 256, 'batch_size': 16, 'num_epochs': 200}. Best is trial 294 with value: 3.210653704404831.
[I 2024-03-21 02:37:05,093] Trial 337 finished with value: 3.320474922657013 and parameters: {'lr': 0.001, 'h1': 512, 'h2': 256, 'batch_size': 16, 'num_epochs': 200}. Best is trial 294 with value: 3.210653704404831.
[I 2024-03-21 02:37:53,042] Trial 338 finished with value: 4.349346780776978 and parameters: {'lr': 0.001, 'h1': 512, 'h2': 256, 'batch_size': 16, 'num_epochs': 200}. Best is trial 294 with value: 3.210653704404831.
[I 2024-03-21 02:38:40,816] Trial 339 finished with value: 3.9842387437820435 and parameters: {'lr': 0.001, 'h1': 512, 'h2': 256, 'batch_size': 16, 'num_epochs': 200}. Best is trial 294 with value: 3.210653704404831.
[I 2024-03-21 02:39:28,798] Trial 340 finished with value: 3.7985891580581663 and parameters: {'lr': 0.001, 'h1': 512, 'h2': 256, 'batch_size': 16, 'num_epochs': 200}. Best is trial 294 with value: 3.210653704404831.
[I 2024-03-21 02:40:16,494] Trial 341 finished with value: 4.1009196758270265 and parameters: {'lr': 0.001, 'h1': 512, 'h2': 256, 'batch_size': 16, 'num_epochs': 200}. Best is trial 294 with value: 3.210653704404831.
[I 2024-03-21 02:41:04,319] Trial 342 finished with value: 3.754414439201355 and parameters: {'lr': 0.001, 'h1': 512, 'h2': 256, 'batch_size': 16, 'num_epochs': 200}. Best is trial 294 with value: 3.210653704404831.
[I 2024-03-21 02:41:52,111] Trial 343 finished with value: 4.242335677146912 and parameters: {'lr': 0.001, 'h1': 512, 'h2': 256, 'batch_size': 16, 'num_epochs': 200}. Best is trial 294 with value: 3.210653704404831.
[I 2024-03-21 02:42:39,868] Trial 344 finished with value: 3.916199541091919 and parameters: {'lr': 0.001, 'h1': 512, 'h2': 256, 'batch_size': 16, 'num_epochs': 200}. Best is trial 294 with value: 3.210653704404831.
[I 2024-03-21 02:43:27,587] Trial 345 finished with value: 3.5644224524497985 and parameters: {'lr': 0.001, 'h1': 512, 'h2': 256, 'batch_size': 16, 'num_epochs': 200}. Best is trial 294 with value: 3.210653704404831.
[I 2024-03-21 02:44:20,228] Trial 346 finished with value: 3.3454524099826815 and parameters: {'lr': 0.001, 'h1': 512, 'h2': 256, 'batch_size': 16, 'num_epochs': 300}. Best is trial 294 with value: 3.210653704404831.
[I 2024-03-21 02:45:12,893] Trial 347 finished with value: 4.196467304229737 and parameters: {'lr': 0.001, 'h1': 512, 'h2': 256, 'batch_size': 16, 'num_epochs': 300}. Best is trial 294 with value: 3.210653704404831.
[I 2024-03-21 02:46:05,630] Trial 348 finished with value: 3.8369754791259765 and parameters: {'lr': 0.001, 'h1': 512, 'h2': 256, 'batch_size': 16, 'num_epochs': 300}. Best is trial 294 with value: 3.210653704404831.
[I 2024-03-21 02:46:58,284] Trial 349 finished with value: 4.024557650089264 and parameters: {'lr': 0.0001, 'h1': 512, 'h2': 256, 'batch_size': 16, 'num_epochs': 300}. Best is trial 294 with value: 3.210653704404831.
[I 2024-03-21 02:47:50,969] Trial 350 finished with value: 3.8329455256462097 and parameters: {'lr': 0.001, 'h1': 512, 'h2': 256, 'batch_size': 16, 'num_epochs': 300}. Best is trial 294 with value: 3.210653704404831.
[I 2024-03-21 02:49:17,177] Trial 351 finished with value: 3.9450543022155764 and parameters: {'lr': 0.001, 'h1': 512, 'h2': 256, 'batch_size': 4, 'num_epochs': 300}. Best is trial 294 with value: 3.210653704404831.
[I 2024-03-21 02:50:09,800] Trial 352 finished with value: 4.121001183986664 and parameters: {'lr': 0.001, 'h1': 512, 'h2': 256, 'batch_size': 16, 'num_epochs': 300}. Best is trial 294 with value: 3.210653704404831.
[I 2024-03-21 02:51:02,356] Trial 353 finished with value: 4.196915936470032 and parameters: {'lr': 0.001, 'h1': 512, 'h2': 256, 'batch_size': 16, 'num_epochs': 300}. Best is trial 294 with value: 3.210653704404831.
[I 2024-03-21 02:51:58,030] Trial 354 finished with value: 3.8009941260019935 and parameters: {'lr': 0.001, 'h1': 512, 'h2': 256, 'batch_size': 8, 'num_epochs': 200}. Best is trial 294 with value: 3.210653704404831.
[I 2024-03-21 02:52:45,845] Trial 355 finished with value: 3.7680770337581633 and parameters: {'lr': 0.001, 'h1': 512, 'h2': 256, 'batch_size': 16, 'num_epochs': 200}. Best is trial 294 with value: 3.210653704404831.
[I 2024-03-21 02:53:33,646] Trial 356 finished with value: 3.8815771460533144 and parameters: {'lr': 0.001, 'h1': 512, 'h2': 256, 'batch_size': 16, 'num_epochs': 200}. Best is trial 294 with value: 3.210653704404831.
[I 2024-03-21 02:54:16,779] Trial 357 finished with value: 4.483115029335022 and parameters: {'lr': 0.001, 'h1': 512, 'h2': 256, 'batch_size': 16, 'num_epochs': 100}. Best is trial 294 with value: 3.210653704404831.
[I 2024-03-21 02:55:04,627] Trial 358 finished with value: 3.255869519710541 and parameters: {'lr': 0.001, 'h1': 512, 'h2': 256, 'batch_size': 16, 'num_epochs': 200}. Best is trial 294 with value: 3.210653704404831.
[I 2024-03-21 02:55:52,490] Trial 359 finished with value: 4.12876535654068 and parameters: {'lr': 0.001, 'h1': 512, 'h2': 256, 'batch_size': 16, 'num_epochs': 200}. Best is trial 294 with value: 3.210653704404831.
[I 2024-03-21 02:56:40,317] Trial 360 finished with value: 3.677656424045563 and parameters: {'lr': 0.001, 'h1': 512, 'h2': 256, 'batch_size': 16, 'num_epochs': 200}. Best is trial 294 with value: 3.210653704404831.
[I 2024-03-21 02:57:32,823] Trial 361 finished with value: 3.8094980478286744 and parameters: {'lr': 0.001, 'h1': 512, 'h2': 256, 'batch_size': 16, 'num_epochs': 300}. Best is trial 294 with value: 3.210653704404831.
[I 2024-03-21 02:58:15,816] Trial 362 finished with value: 3.806226658821106 and parameters: {'lr': 0.001, 'h1': 512, 'h2': 256, 'batch_size': 16, 'num_epochs': 100}. Best is trial 294 with value: 3.210653704404831.
[I 2024-03-21 02:59:03,470] Trial 363 finished with value: 3.835852873325348 and parameters: {'lr': 0.001, 'h1': 512, 'h2': 256, 'batch_size': 16, 'num_epochs': 200}. Best is trial 294 with value: 3.210653704404831.
[I 2024-03-21 02:59:51,985] Trial 364 finished with value: 3.764344662427902 and parameters: {'lr': 0.001, 'h1': 512, 'h2': 256, 'batch_size': 16, 'num_epochs': 200}. Best is trial 294 with value: 3.210653704404831.
[I 2024-03-21 03:00:39,813] Trial 365 finished with value: 3.763501763343811 and parameters: {'lr': 0.001, 'h1': 512, 'h2': 256, 'batch_size': 16, 'num_epochs': 200}. Best is trial 294 with value: 3.210653704404831.
[I 2024-03-21 03:01:27,605] Trial 366 finished with value: 4.282587289810181 and parameters: {'lr': 0.001, 'h1': 512, 'h2': 256, 'batch_size': 16, 'num_epochs': 200}. Best is trial 294 with value: 3.210653704404831.
[I 2024-03-21 03:02:10,765] Trial 367 finished with value: 4.2706979513168335 and parameters: {'lr': 0.001, 'h1': 512, 'h2': 1024, 'batch_size': 16, 'num_epochs': 100}. Best is trial 294 with value: 3.210653704404831.
[I 2024-03-21 03:02:58,835] Trial 368 finished with value: 4.113905191421509 and parameters: {'lr': 0.001, 'h1': 512, 'h2': 1024, 'batch_size': 16, 'num_epochs': 200}. Best is trial 294 with value: 3.210653704404831.
[I 2024-03-21 03:03:46,598] Trial 369 finished with value: 3.9930505990982055 and parameters: {'lr': 0.001, 'h1': 512, 'h2': 256, 'batch_size': 16, 'num_epochs': 200}. Best is trial 294 with value: 3.210653704404831.
[I 2024-03-21 03:04:36,634] Trial 370 finished with value: 4.574702882766724 and parameters: {'lr': 0.001, 'h1': 512, 'h2': 1024, 'batch_size': 16, 'num_epochs': 200}. Best is trial 294 with value: 3.210653704404831.
[I 2024-03-21 03:05:27,316] Trial 371 finished with value: 3.672979462146759 and parameters: {'lr': 0.001, 'h1': 512, 'h2': 1024, 'batch_size': 16, 'num_epochs': 200}. Best is trial 294 with value: 3.210653704404831.
[I 2024-03-21 03:06:14,420] Trial 372 finished with value: 3.247453439235687 and parameters: {'lr': 0.001, 'h1': 512, 'h2': 256, 'batch_size': 16, 'num_epochs': 100}. Best is trial 294 with value: 3.210653704404831.
[I 2024-03-21 03:07:01,397] Trial 373 finished with value: 4.073863744735718 and parameters: {'lr': 0.001, 'h1': 512, 'h2': 256, 'batch_size': 16, 'num_epochs': 100}. Best is trial 294 with value: 3.210653704404831.
[I 2024-03-21 03:07:48,837] Trial 374 finished with value: 3.3259524405002594 and parameters: {'lr': 0.001, 'h1': 512, 'h2': 256, 'batch_size': 16, 'num_epochs': 100}. Best is trial 294 with value: 3.210653704404831.
[I 2024-03-21 03:08:35,158] Trial 375 finished with value: 3.782006859779358 and parameters: {'lr': 0.001, 'h1': 512, 'h2': 256, 'batch_size': 16, 'num_epochs': 100}. Best is trial 294 with value: 3.210653704404831.
[I 2024-03-21 03:09:25,373] Trial 376 finished with value: 4.179256264368694 and parameters: {'lr': 0.001, 'h1': 512, 'h2': 256, 'batch_size': 8, 'num_epochs': 100}. Best is trial 294 with value: 3.210653704404831.
[I 2024-03-21 03:10:22,637] Trial 377 finished with value: 4.128517460823059 and parameters: {'lr': 0.001, 'h1': 512, 'h2': 256, 'batch_size': 4, 'num_epochs': 100}. Best is trial 294 with value: 3.210653704404831.
[I 2024-03-21 03:11:08,635] Trial 378 finished with value: 3.8610272884368895 and parameters: {'lr': 0.001, 'h1': 512, 'h2': 256, 'batch_size': 16, 'num_epochs': 100}. Best is trial 294 with value: 3.210653704404831.
[I 2024-03-21 03:11:54,836] Trial 379 finished with value: 3.4261419087648393 and parameters: {'lr': 0.001, 'h1': 512, 'h2': 256, 'batch_size': 16, 'num_epochs': 100}. Best is trial 294 with value: 3.210653704404831.
[I 2024-03-21 03:12:40,827] Trial 380 finished with value: 3.774709975719452 and parameters: {'lr': 0.001, 'h1': 512, 'h2': 256, 'batch_size': 16, 'num_epochs': 100}. Best is trial 294 with value: 3.210653704404831.
[I 2024-03-21 03:13:26,895] Trial 381 finished with value: 3.813380002975464 and parameters: {'lr': 0.001, 'h1': 512, 'h2': 256, 'batch_size': 16, 'num_epochs': 100}. Best is trial 294 with value: 3.210653704404831.
[I 2024-03-21 03:14:13,643] Trial 382 finished with value: 4.271242833137512 and parameters: {'lr': 0.001, 'h1': 512, 'h2': 256, 'batch_size': 16, 'num_epochs': 100}. Best is trial 294 with value: 3.210653704404831.
[I 2024-03-21 03:14:57,406] Trial 383 finished with value: 4.245995426177979 and parameters: {'lr': 0.0001, 'h1': 512, 'h2': 256, 'batch_size': 16, 'num_epochs': 100}. Best is trial 294 with value: 3.210653704404831.
[I 2024-03-21 03:15:41,181] Trial 384 finished with value: 4.337644708156586 and parameters: {'lr': 0.001, 'h1': 512, 'h2': 256, 'batch_size': 16, 'num_epochs': 100}. Best is trial 294 with value: 3.210653704404831.
[I 2024-03-21 03:16:24,949] Trial 385 finished with value: 3.8340297102928163 and parameters: {'lr': 0.001, 'h1': 512, 'h2': 256, 'batch_size': 16, 'num_epochs': 100}. Best is trial 294 with value: 3.210653704404831.
[I 2024-03-21 03:17:08,843] Trial 386 finished with value: 4.371220374107361 and parameters: {'lr': 0.001, 'h1': 512, 'h2': 256, 'batch_size': 16, 'num_epochs': 100}. Best is trial 294 with value: 3.210653704404831.
[I 2024-03-21 03:17:52,604] Trial 387 finished with value: 4.342792510986328 and parameters: {'lr': 0.001, 'h1': 512, 'h2': 256, 'batch_size': 16, 'num_epochs': 100}. Best is trial 294 with value: 3.210653704404831.
[I 2024-03-21 03:18:36,326] Trial 388 finished with value: 3.9712032705545424 and parameters: {'lr': 0.001, 'h1': 512, 'h2': 256, 'batch_size': 16, 'num_epochs': 100}. Best is trial 294 with value: 3.210653704404831.
[I 2024-03-21 03:19:20,090] Trial 389 finished with value: 3.7586020708084105 and parameters: {'lr': 0.001, 'h1': 512, 'h2': 256, 'batch_size': 16, 'num_epochs': 100}. Best is trial 294 with value: 3.210653704404831.
[I 2024-03-21 03:20:04,065] Trial 390 finished with value: 4.277883625030517 and parameters: {'lr': 0.001, 'h1': 512, 'h2': 256, 'batch_size': 16, 'num_epochs': 100}. Best is trial 294 with value: 3.210653704404831.
[I 2024-03-21 03:20:48,165] Trial 391 finished with value: 4.200932741165161 and parameters: {'lr': 0.001, 'h1': 512, 'h2': 256, 'batch_size': 16, 'num_epochs': 100}. Best is trial 294 with value: 3.210653704404831.
[I 2024-03-21 03:21:32,098] Trial 392 finished with value: 4.360663962364197 and parameters: {'lr': 0.001, 'h1': 512, 'h2': 256, 'batch_size': 16, 'num_epochs': 100}. Best is trial 294 with value: 3.210653704404831.
[I 2024-03-21 03:22:18,441] Trial 393 finished with value: 4.626196718215942 and parameters: {'lr': 0.001, 'h1': 512, 'h2': 256, 'batch_size': 16, 'num_epochs': 100}. Best is trial 294 with value: 3.210653704404831.
[I 2024-03-21 03:23:04,661] Trial 394 finished with value: 3.6897055983543394 and parameters: {'lr': 0.001, 'h1': 512, 'h2': 256, 'batch_size': 16, 'num_epochs': 100}. Best is trial 294 with value: 3.210653704404831.
[I 2024-03-21 03:24:00,656] Trial 395 finished with value: 3.7238287210464476 and parameters: {'lr': 0.001, 'h1': 512, 'h2': 256, 'batch_size': 16, 'num_epochs': 300}. Best is trial 294 with value: 3.210653704404831.
[I 2024-03-21 03:24:46,877] Trial 396 finished with value: 4.862428164482116 and parameters: {'lr': 0.001, 'h1': 512, 'h2': 256, 'batch_size': 16, 'num_epochs': 100}. Best is trial 294 with value: 3.210653704404831.
[I 2024-03-21 03:25:44,396] Trial 397 finished with value: 4.326806507110596 and parameters: {'lr': 0.001, 'h1': 512, 'h2': 256, 'batch_size': 4, 'num_epochs': 100}. Best is trial 294 with value: 3.210653704404831.
[I 2024-03-21 03:26:30,516] Trial 398 finished with value: 4.043712043762207 and parameters: {'lr': 0.001, 'h1': 512, 'h2': 256, 'batch_size': 16, 'num_epochs': 100}. Best is trial 294 with value: 3.210653704404831.
[I 2024-03-21 03:27:16,985] Trial 399 finished with value: 4.628012728691101 and parameters: {'lr': 0.001, 'h1': 512, 'h2': 256, 'batch_size': 16, 'num_epochs': 100}. Best is trial 294 with value: 3.210653704404831.
[I 2024-03-21 03:28:07,358] Trial 400 finished with value: 3.6063885728518166 and parameters: {'lr': 0.001, 'h1': 512, 'h2': 256, 'batch_size': 8, 'num_epochs': 100}. Best is trial 294 with value: 3.210653704404831.
[I 2024-03-21 03:28:53,435] Trial 401 finished with value: 3.666372609138489 and parameters: {'lr': 0.001, 'h1': 512, 'h2': 256, 'batch_size': 16, 'num_epochs': 100}. Best is trial 294 with value: 3.210653704404831.
[I 2024-03-21 03:29:48,905] Trial 402 finished with value: 3.6192519545555113 and parameters: {'lr': 0.001, 'h1': 512, 'h2': 256, 'batch_size': 16, 'num_epochs': 300}. Best is trial 294 with value: 3.210653704404831.
[I 2024-03-21 03:30:32,089] Trial 403 finished with value: 4.03995189666748 and parameters: {'lr': 0.001, 'h1': 256, 'h2': 256, 'batch_size': 16, 'num_epochs': 100}. Best is trial 294 with value: 3.210653704404831.
[I 2024-03-21 03:31:24,834] Trial 404 finished with value: 3.8700558245182037 and parameters: {'lr': 0.0001, 'h1': 512, 'h2': 256, 'batch_size': 16, 'num_epochs': 300}. Best is trial 294 with value: 3.210653704404831.
[I 2024-03-21 03:32:08,188] Trial 405 finished with value: 3.7444993019104005 and parameters: {'lr': 0.001, 'h1': 512, 'h2': 1024, 'batch_size': 16, 'num_epochs': 100}. Best is trial 294 with value: 3.210653704404831.
[I 2024-03-21 03:32:56,192] Trial 406 finished with value: 4.1546073913574215 and parameters: {'lr': 0.001, 'h1': 512, 'h2': 256, 'batch_size': 16, 'num_epochs': 200}. Best is trial 294 with value: 3.210653704404831.
