[I 2024-03-21 00:49:50,830] Trial 204 finished with value: 3.639120191335678 and parameters: {'lr': 5e-05, 'h1': 256, 'h2': 512, 'batch_size': 16, 'num_epochs': 200}. Best is trial 31 with value: 3.2313635885715484.
[I 2024-03-21 00:50:38,971] Trial 205 finished with value: 3.9216192245483397 and parameters: {'lr': 5e-05, 'h1': 256, 'h2': 512, 'batch_size': 16, 'num_epochs': 200}. Best is trial 31 with value: 3.2313635885715484.
[I 2024-03-21 00:51:27,969] Trial 206 finished with value: 4.1994816064834595 and parameters: {'lr': 5e-05, 'h1': 1024, 'h2': 1024, 'batch_size': 16, 'num_epochs': 200}. Best is trial 31 with value: 3.2313635885715484.
[I 2024-03-21 00:52:16,242] Trial 207 finished with value: 4.704058051109314 and parameters: {'lr': 0.001, 'h1': 256, 'h2': 512, 'batch_size': 16, 'num_epochs': 200}. Best is trial 31 with value: 3.2313635885715484.
[I 2024-03-21 00:53:05,315] Trial 208 finished with value: 3.6698337316513063 and parameters: {'lr': 0.001, 'h1': 1024, 'h2': 1024, 'batch_size': 16, 'num_epochs': 200}. Best is trial 31 with value: 3.2313635885715484.
[I 2024-03-21 00:53:58,427] Trial 209 finished with value: 3.6729352116584777 and parameters: {'lr': 0.001, 'h1': 256, 'h2': 1024, 'batch_size': 16, 'num_epochs': 300}. Best is trial 31 with value: 3.2313635885715484.
[I 2024-03-21 00:54:46,883] Trial 210 finished with value: 3.5993953704833985 and parameters: {'lr': 5e-05, 'h1': 1024, 'h2': 512, 'batch_size': 16, 'num_epochs': 200}. Best is trial 31 with value: 3.2313635885715484.
[I 2024-03-21 00:55:35,374] Trial 211 finished with value: 4.214231419563293 and parameters: {'lr': 5e-05, 'h1': 1024, 'h2': 512, 'batch_size': 16, 'num_epochs': 200}. Best is trial 31 with value: 3.2313635885715484.
[I 2024-03-21 00:56:23,724] Trial 212 finished with value: 3.9613467931747435 and parameters: {'lr': 5e-05, 'h1': 1024, 'h2': 512, 'batch_size': 16, 'num_epochs': 200}. Best is trial 31 with value: 3.2313635885715484.
[I 2024-03-21 00:57:11,996] Trial 213 finished with value: 3.8517529010772704 and parameters: {'lr': 5e-05, 'h1': 1024, 'h2': 512, 'batch_size': 16, 'num_epochs': 200}. Best is trial 31 with value: 3.2313635885715484.
[I 2024-03-21 00:58:00,460] Trial 214 finished with value: 3.635466754436493 and parameters: {'lr': 5e-05, 'h1': 1024, 'h2': 512, 'batch_size': 16, 'num_epochs': 200}. Best is trial 31 with value: 3.2313635885715484.
[I 2024-03-21 00:58:48,949] Trial 215 finished with value: 3.5427179455757143 and parameters: {'lr': 5e-05, 'h1': 1024, 'h2': 512, 'batch_size': 16, 'num_epochs': 200}. Best is trial 31 with value: 3.2313635885715484.
[I 2024-03-21 00:59:38,415] Trial 216 finished with value: 4.632109856605529 and parameters: {'lr': 0.0001, 'h1': 1024, 'h2': 1024, 'batch_size': 16, 'num_epochs': 200}. Best is trial 31 with value: 3.2313635885715484.
[I 2024-03-21 01:00:26,946] Trial 217 finished with value: 3.916976201534271 and parameters: {'lr': 0.001, 'h1': 256, 'h2': 1024, 'batch_size': 16, 'num_epochs': 200}. Best is trial 31 with value: 3.2313635885715484.
[I 2024-03-21 01:01:15,384] Trial 218 finished with value: 3.538844519853592 and parameters: {'lr': 0.001, 'h1': 1024, 'h2': 512, 'batch_size': 16, 'num_epochs': 200}. Best is trial 31 with value: 3.2313635885715484.
[I 2024-03-21 01:02:03,654] Trial 219 finished with value: 3.7147774517536165 and parameters: {'lr': 0.001, 'h1': 1024, 'h2': 256, 'batch_size': 16, 'num_epochs': 200}. Best is trial 31 with value: 3.2313635885715484.
[I 2024-03-21 01:03:17,280] Trial 220 finished with value: 4.050075469017029 and parameters: {'lr': 0.001, 'h1': 1024, 'h2': 1024, 'batch_size': 4, 'num_epochs': 200}. Best is trial 31 with value: 3.2313635885715484.
[I 2024-03-21 01:04:05,704] Trial 221 finished with value: 3.7187256455421447 and parameters: {'lr': 0.001, 'h1': 1024, 'h2': 512, 'batch_size': 16, 'num_epochs': 200}. Best is trial 31 with value: 3.2313635885715484.
[I 2024-03-21 01:04:54,065] Trial 222 finished with value: 4.009672248363495 and parameters: {'lr': 0.001, 'h1': 1024, 'h2': 512, 'batch_size': 16, 'num_epochs': 200}. Best is trial 31 with value: 3.2313635885715484.
[I 2024-03-21 01:05:42,566] Trial 223 finished with value: 4.086002719402313 and parameters: {'lr': 0.001, 'h1': 1024, 'h2': 512, 'batch_size': 16, 'num_epochs': 200}. Best is trial 31 with value: 3.2313635885715484.
[I 2024-03-21 01:06:30,956] Trial 224 finished with value: 3.9832913160324095 and parameters: {'lr': 0.001, 'h1': 256, 'h2': 512, 'batch_size': 16, 'num_epochs': 200}. Best is trial 31 with value: 3.2313635885715484.
[I 2024-03-21 01:07:19,515] Trial 225 finished with value: 3.5779487013816835 and parameters: {'lr': 5e-05, 'h1': 1024, 'h2': 512, 'batch_size': 16, 'num_epochs': 200}. Best is trial 31 with value: 3.2313635885715484.
[I 2024-03-21 01:08:08,146] Trial 226 finished with value: 3.6314961075782777 and parameters: {'lr': 5e-05, 'h1': 1024, 'h2': 512, 'batch_size': 16, 'num_epochs': 200}. Best is trial 31 with value: 3.2313635885715484.
[I 2024-03-21 01:08:52,035] Trial 227 finished with value: 3.4096235811710356 and parameters: {'lr': 0.001, 'h1': 1024, 'h2': 1024, 'batch_size': 16, 'num_epochs': 100}. Best is trial 31 with value: 3.2313635885715484.
[I 2024-03-21 01:09:36,160] Trial 228 finished with value: 3.5180149555206297 and parameters: {'lr': 0.001, 'h1': 1024, 'h2': 1024, 'batch_size': 16, 'num_epochs': 100}. Best is trial 31 with value: 3.2313635885715484.
[I 2024-03-21 01:10:20,275] Trial 229 finished with value: 3.7065291821956636 and parameters: {'lr': 0.001, 'h1': 1024, 'h2': 1024, 'batch_size': 16, 'num_epochs': 100}. Best is trial 31 with value: 3.2313635885715484.
[I 2024-03-21 01:11:08,356] Trial 230 finished with value: 3.830669093132019 and parameters: {'lr': 0.001, 'h1': 1024, 'h2': 1024, 'batch_size': 8, 'num_epochs': 100}. Best is trial 31 with value: 3.2313635885715484.
[I 2024-03-21 01:11:52,416] Trial 231 finished with value: 4.292145395278931 and parameters: {'lr': 0.001, 'h1': 1024, 'h2': 1024, 'batch_size': 16, 'num_epochs': 100}. Best is trial 31 with value: 3.2313635885715484.
[I 2024-03-21 01:12:36,274] Trial 232 finished with value: 4.621174144744873 and parameters: {'lr': 0.001, 'h1': 1024, 'h2': 1024, 'batch_size': 16, 'num_epochs': 100}. Best is trial 31 with value: 3.2313635885715484.
[I 2024-03-21 01:13:20,114] Trial 233 finished with value: 3.776644241809845 and parameters: {'lr': 0.001, 'h1': 1024, 'h2': 1024, 'batch_size': 16, 'num_epochs': 100}. Best is trial 31 with value: 3.2313635885715484.
[I 2024-03-21 01:14:04,158] Trial 234 finished with value: 4.076915454864502 and parameters: {'lr': 0.001, 'h1': 1024, 'h2': 1024, 'batch_size': 16, 'num_epochs': 100}. Best is trial 31 with value: 3.2313635885715484.
[I 2024-03-21 01:14:48,210] Trial 235 finished with value: 3.710575634241104 and parameters: {'lr': 0.001, 'h1': 1024, 'h2': 1024, 'batch_size': 16, 'num_epochs': 100}. Best is trial 31 with value: 3.2313635885715484.
[I 2024-03-21 01:15:31,843] Trial 236 finished with value: 3.925433623790741 and parameters: {'lr': 0.001, 'h1': 512, 'h2': 1024, 'batch_size': 16, 'num_epochs': 100}. Best is trial 31 with value: 3.2313635885715484.
[I 2024-03-21 01:16:16,039] Trial 237 finished with value: 3.713541942834854 and parameters: {'lr': 0.001, 'h1': 1024, 'h2': 1024, 'batch_size': 16, 'num_epochs': 100}. Best is trial 31 with value: 3.2313635885715484.
[I 2024-03-21 01:17:00,033] Trial 238 finished with value: 3.454497867822647 and parameters: {'lr': 0.001, 'h1': 1024, 'h2': 1024, 'batch_size': 16, 'num_epochs': 100}. Best is trial 31 with value: 3.2313635885715484.
[I 2024-03-21 01:17:44,030] Trial 239 finished with value: 4.2206766366958615 and parameters: {'lr': 0.001, 'h1': 1024, 'h2': 1024, 'batch_size': 16, 'num_epochs': 100}. Best is trial 31 with value: 3.2313635885715484.
[I 2024-03-21 01:18:28,062] Trial 240 finished with value: 4.507246494293213 and parameters: {'lr': 0.001, 'h1': 1024, 'h2': 1024, 'batch_size': 16, 'num_epochs': 100}. Best is trial 31 with value: 3.2313635885715484.
[I 2024-03-21 01:19:12,100] Trial 241 finished with value: 3.393392062187195 and parameters: {'lr': 0.001, 'h1': 1024, 'h2': 1024, 'batch_size': 16, 'num_epochs': 100}. Best is trial 31 with value: 3.2313635885715484.
[I 2024-03-21 01:19:56,024] Trial 242 finished with value: 4.433502840995788 and parameters: {'lr': 0.001, 'h1': 1024, 'h2': 1024, 'batch_size': 16, 'num_epochs': 100}. Best is trial 31 with value: 3.2313635885715484.
[I 2024-03-21 01:20:39,983] Trial 243 finished with value: 4.154278683662414 and parameters: {'lr': 0.001, 'h1': 1024, 'h2': 1024, 'batch_size': 16, 'num_epochs': 100}. Best is trial 31 with value: 3.2313635885715484.
[I 2024-03-21 01:21:24,206] Trial 244 finished with value: 4.354552268981934 and parameters: {'lr': 0.001, 'h1': 1024, 'h2': 1024, 'batch_size': 16, 'num_epochs': 100}. Best is trial 31 with value: 3.2313635885715484.
[I 2024-03-21 01:22:08,264] Trial 245 finished with value: 4.4247639894485475 and parameters: {'lr': 0.001, 'h1': 1024, 'h2': 1024, 'batch_size': 16, 'num_epochs': 100}. Best is trial 31 with value: 3.2313635885715484.
[I 2024-03-21 01:22:52,132] Trial 246 finished with value: 3.861663031578064 and parameters: {'lr': 0.001, 'h1': 1024, 'h2': 1024, 'batch_size': 16, 'num_epochs': 100}. Best is trial 31 with value: 3.2313635885715484.
[I 2024-03-21 01:23:35,953] Trial 247 finished with value: 3.811879593133926 and parameters: {'lr': 0.001, 'h1': 1024, 'h2': 1024, 'batch_size': 16, 'num_epochs': 100}. Best is trial 31 with value: 3.2313635885715484.
[I 2024-03-21 01:24:19,939] Trial 248 finished with value: 3.775267684459686 and parameters: {'lr': 0.001, 'h1': 1024, 'h2': 1024, 'batch_size': 16, 'num_epochs': 100}. Best is trial 31 with value: 3.2313635885715484.
[I 2024-03-21 01:25:03,586] Trial 249 finished with value: 3.5813202142715452 and parameters: {'lr': 0.001, 'h1': 512, 'h2': 1024, 'batch_size': 16, 'num_epochs': 100}. Best is trial 31 with value: 3.2313635885715484.
[I 2024-03-21 01:25:52,720] Trial 250 finished with value: 3.8273080945014955 and parameters: {'lr': 0.001, 'h1': 1024, 'h2': 1024, 'batch_size': 16, 'num_epochs': 200}. Best is trial 31 with value: 3.2313635885715484.
[I 2024-03-21 01:26:47,179] Trial 251 finished with value: 4.03998749256134 and parameters: {'lr': 0.001, 'h1': 1024, 'h2': 1024, 'batch_size': 16, 'num_epochs': 300}. Best is trial 31 with value: 3.2313635885715484.
[I 2024-03-21 01:27:35,658] Trial 252 finished with value: 3.693976807594299 and parameters: {'lr': 0.001, 'h1': 256, 'h2': 1024, 'batch_size': 16, 'num_epochs': 200}. Best is trial 31 with value: 3.2313635885715484.
[I 2024-03-21 01:28:25,277] Trial 253 finished with value: 4.0591123580932615 and parameters: {'lr': 0.001, 'h1': 1024, 'h2': 1024, 'batch_size': 16, 'num_epochs': 200}. Best is trial 31 with value: 3.2313635885715484.
[I 2024-03-21 01:29:14,168] Trial 254 finished with value: 3.6021910905838013 and parameters: {'lr': 0.001, 'h1': 256, 'h2': 1024, 'batch_size': 16, 'num_epochs': 200}. Best is trial 31 with value: 3.2313635885715484.
[I 2024-03-21 01:30:03,381] Trial 255 finished with value: 3.8233614683151247 and parameters: {'lr': 0.0001, 'h1': 1024, 'h2': 1024, 'batch_size': 16, 'num_epochs': 200}. Best is trial 31 with value: 3.2313635885715484.
[I 2024-03-21 01:30:51,640] Trial 256 finished with value: 3.7224721908569336 and parameters: {'lr': 0.001, 'h1': 1024, 'h2': 256, 'batch_size': 16, 'num_epochs': 200}. Best is trial 31 with value: 3.2313635885715484.
[I 2024-03-21 01:32:02,638] Trial 257 finished with value: 4.250096197128295 and parameters: {'lr': 0.001, 'h1': 256, 'h2': 1024, 'batch_size': 4, 'num_epochs': 200}. Best is trial 31 with value: 3.2313635885715484.
[I 2024-03-21 01:32:46,543] Trial 258 finished with value: 4.812533974647522 and parameters: {'lr': 0.001, 'h1': 1024, 'h2': 1024, 'batch_size': 16, 'num_epochs': 100}. Best is trial 31 with value: 3.2313635885715484.
[I 2024-03-21 01:33:35,034] Trial 259 finished with value: 5.284988522529602 and parameters: {'lr': 0.001, 'h1': 256, 'h2': 1024, 'batch_size': 16, 'num_epochs': 200}. Best is trial 31 with value: 3.2313635885715484.
[I 2024-03-21 01:34:31,583] Trial 260 finished with value: 3.765992228190104 and parameters: {'lr': 0.001, 'h1': 1024, 'h2': 512, 'batch_size': 8, 'num_epochs': 200}. Best is trial 31 with value: 3.2313635885715484.
[I 2024-03-21 01:35:20,120] Trial 261 finished with value: 3.4358469009399415 and parameters: {'lr': 0.001, 'h1': 512, 'h2': 1024, 'batch_size': 16, 'num_epochs': 200}. Best is trial 31 with value: 3.2313635885715484.
[I 2024-03-21 01:36:08,781] Trial 262 finished with value: 3.457322287559509 and parameters: {'lr': 0.001, 'h1': 512, 'h2': 1024, 'batch_size': 16, 'num_epochs': 200}. Best is trial 31 with value: 3.2313635885715484.
[I 2024-03-21 01:36:57,358] Trial 263 finished with value: 3.9267045497894286 and parameters: {'lr': 0.001, 'h1': 512, 'h2': 1024, 'batch_size': 16, 'num_epochs': 200}. Best is trial 31 with value: 3.2313635885715484.
[I 2024-03-21 01:37:45,925] Trial 264 finished with value: 3.888882577419281 and parameters: {'lr': 5e-05, 'h1': 512, 'h2': 1024, 'batch_size': 16, 'num_epochs': 200}. Best is trial 31 with value: 3.2313635885715484.
[I 2024-03-21 01:38:29,490] Trial 265 finished with value: 3.712501752376556 and parameters: {'lr': 0.001, 'h1': 512, 'h2': 512, 'batch_size': 16, 'num_epochs': 100}. Best is trial 31 with value: 3.2313635885715484.
[I 2024-03-21 01:39:18,036] Trial 266 finished with value: 4.36016047000885 and parameters: {'lr': 0.001, 'h1': 512, 'h2': 1024, 'batch_size': 16, 'num_epochs': 200}. Best is trial 31 with value: 3.2313635885715484.
[I 2024-03-21 01:40:06,722] Trial 267 finished with value: 4.621961379051209 and parameters: {'lr': 0.001, 'h1': 512, 'h2': 1024, 'batch_size': 16, 'num_epochs': 200}. Best is trial 31 with value: 3.2313635885715484.
[I 2024-03-21 01:40:55,097] Trial 268 finished with value: 4.841331100463867 and parameters: {'lr': 5e-05, 'h1': 512, 'h2': 512, 'batch_size': 16, 'num_epochs': 200}. Best is trial 31 with value: 3.2313635885715484.
[I 2024-03-21 01:41:43,578] Trial 269 finished with value: 4.793028092384338 and parameters: {'lr': 0.001, 'h1': 512, 'h2': 1024, 'batch_size': 16, 'num_epochs': 200}. Best is trial 31 with value: 3.2313635885715484.
[I 2024-03-21 01:42:32,021] Trial 270 finished with value: 4.519016408920288 and parameters: {'lr': 0.001, 'h1': 512, 'h2': 1024, 'batch_size': 16, 'num_epochs': 200}. Best is trial 31 with value: 3.2313635885715484.
[I 2024-03-21 01:43:20,615] Trial 271 finished with value: 3.662059950828552 and parameters: {'lr': 0.001, 'h1': 512, 'h2': 1024, 'batch_size': 16, 'num_epochs': 200}. Best is trial 31 with value: 3.2313635885715484.
[I 2024-03-21 01:44:04,317] Trial 272 finished with value: 4.003434360027313 and parameters: {'lr': 5e-05, 'h1': 1024, 'h2': 512, 'batch_size': 16, 'num_epochs': 100}. Best is trial 31 with value: 3.2313635885715484.
[I 2024-03-21 01:44:57,305] Trial 273 finished with value: 4.138661801815033 and parameters: {'lr': 0.001, 'h1': 512, 'h2': 1024, 'batch_size': 16, 'num_epochs': 300}. Best is trial 31 with value: 3.2313635885715484.
[I 2024-03-21 01:45:46,195] Trial 274 finished with value: 3.618322616815567 and parameters: {'lr': 0.001, 'h1': 1024, 'h2': 1024, 'batch_size': 16, 'num_epochs': 200}. Best is trial 31 with value: 3.2313635885715484.
[I 2024-03-21 01:46:34,386] Trial 275 finished with value: 4.019466531276703 and parameters: {'lr': 0.001, 'h1': 1024, 'h2': 512, 'batch_size': 16, 'num_epochs': 200}. Best is trial 31 with value: 3.2313635885715484.
[I 2024-03-21 01:47:23,309] Trial 276 finished with value: 3.465489149093628 and parameters: {'lr': 5e-05, 'h1': 1024, 'h2': 1024, 'batch_size': 16, 'num_epochs': 200}. Best is trial 31 with value: 3.2313635885715484.
[I 2024-03-21 01:48:12,087] Trial 277 finished with value: 4.316599988937378 and parameters: {'lr': 0.0001, 'h1': 1024, 'h2': 1024, 'batch_size': 16, 'num_epochs': 200}. Best is trial 31 with value: 3.2313635885715484.
[I 2024-03-21 01:48:55,652] Trial 278 finished with value: 4.259366154670715 and parameters: {'lr': 0.001, 'h1': 1024, 'h2': 1024, 'batch_size': 16, 'num_epochs': 100}. Best is trial 31 with value: 3.2313635885715484.
[I 2024-03-21 01:49:44,715] Trial 279 finished with value: 4.113831901550293 and parameters: {'lr': 0.001, 'h1': 1024, 'h2': 1024, 'batch_size': 16, 'num_epochs': 200}. Best is trial 31 with value: 3.2313635885715484.
[I 2024-03-21 01:50:58,054] Trial 280 finished with value: 4.0315529823303216 and parameters: {'lr': 5e-05, 'h1': 1024, 'h2': 1024, 'batch_size': 4, 'num_epochs': 200}. Best is trial 31 with value: 3.2313635885715484.
[I 2024-03-21 01:51:46,845] Trial 281 finished with value: 4.003321665525436 and parameters: {'lr': 0.001, 'h1': 1024, 'h2': 1024, 'batch_size': 16, 'num_epochs': 200}. Best is trial 31 with value: 3.2313635885715484.
[I 2024-03-21 01:52:35,608] Trial 282 finished with value: 4.123844826221466 and parameters: {'lr': 0.001, 'h1': 1024, 'h2': 1024, 'batch_size': 16, 'num_epochs': 200}. Best is trial 31 with value: 3.2313635885715484.
[I 2024-03-21 01:53:33,029] Trial 283 finished with value: 4.024784334500631 and parameters: {'lr': 0.001, 'h1': 1024, 'h2': 1024, 'batch_size': 8, 'num_epochs': 200}. Best is trial 31 with value: 3.2313635885715484.
[I 2024-03-21 01:54:16,260] Trial 284 finished with value: 4.578261017799377 and parameters: {'lr': 5e-05, 'h1': 1024, 'h2': 256, 'batch_size': 16, 'num_epochs': 100}. Best is trial 31 with value: 3.2313635885715484.
[I 2024-03-21 01:55:04,362] Trial 285 finished with value: 3.5974492192268372 and parameters: {'lr': 0.001, 'h1': 512, 'h2': 1024, 'batch_size': 16, 'num_epochs': 200}. Best is trial 31 with value: 3.2313635885715484.
[I 2024-03-21 01:55:53,225] Trial 286 finished with value: 4.16751127243042 and parameters: {'lr': 0.001, 'h1': 1024, 'h2': 1024, 'batch_size': 16, 'num_epochs': 200}. Best is trial 31 with value: 3.2313635885715484.
[I 2024-03-21 01:56:42,237] Trial 287 finished with value: 3.6772380828857423 and parameters: {'lr': 0.001, 'h1': 1024, 'h2': 1024, 'batch_size': 16, 'num_epochs': 200}. Best is trial 31 with value: 3.2313635885715484.
[I 2024-03-21 01:57:31,190] Trial 288 finished with value: 4.455642461776733 and parameters: {'lr': 0.001, 'h1': 1024, 'h2': 1024, 'batch_size': 16, 'num_epochs': 200}. Best is trial 31 with value: 3.2313635885715484.
[I 2024-03-21 01:58:14,802] Trial 289 finished with value: 3.779173469543457 and parameters: {'lr': 5e-05, 'h1': 1024, 'h2': 1024, 'batch_size': 16, 'num_epochs': 100}. Best is trial 31 with value: 3.2313635885715484.
[I 2024-03-21 01:59:03,686] Trial 290 finished with value: 4.3608383417129515 and parameters: {'lr': 0.001, 'h1': 1024, 'h2': 1024, 'batch_size': 16, 'num_epochs': 200}. Best is trial 31 with value: 3.2313635885715484.
[I 2024-03-21 01:59:52,208] Trial 291 finished with value: 3.4509071707725525 and parameters: {'lr': 0.001, 'h1': 512, 'h2': 1024, 'batch_size': 16, 'num_epochs': 200}. Best is trial 31 with value: 3.2313635885715484.
[I 2024-03-21 02:00:41,166] Trial 292 finished with value: 4.292885875701904 and parameters: {'lr': 0.001, 'h1': 1024, 'h2': 1024, 'batch_size': 16, 'num_epochs': 200}. Best is trial 31 with value: 3.2313635885715484.
[I 2024-03-21 02:01:29,476] Trial 293 finished with value: 4.207340383529663 and parameters: {'lr': 0.001, 'h1': 512, 'h2': 1024, 'batch_size': 16, 'num_epochs': 200}. Best is trial 31 with value: 3.2313635885715484.
[I 2024-03-21 02:02:12,965] Trial 294 finished with value: 3.210653704404831 and parameters: {'lr': 0.001, 'h1': 512, 'h2': 1024, 'batch_size': 16, 'num_epochs': 100}. Best is trial 294 with value: 3.210653704404831.
[I 2024-03-21 02:02:56,450] Trial 295 finished with value: 4.294701194763183 and parameters: {'lr': 0.001, 'h1': 512, 'h2': 1024, 'batch_size': 16, 'num_epochs': 100}. Best is trial 294 with value: 3.210653704404831.
[I 2024-03-21 02:04:23,484] Trial 297 finished with value: 3.6510557293891908 and parameters: {'lr': 0.001, 'h1': 512, 'h2': 1024, 'batch_size': 16, 'num_epochs': 100}. Best is trial 294 with value: 3.210653704404831.
[I 2024-03-21 02:05:06,911] Trial 298 finished with value: 4.599545621871949 and parameters: {'lr': 0.001, 'h1': 512, 'h2': 1024, 'batch_size': 16, 'num_epochs': 100}. Best is trial 294 with value: 3.210653704404831.
[I 2024-03-21 02:05:50,397] Trial 299 finished with value: 3.8831035137176513 and parameters: {'lr': 0.001, 'h1': 512, 'h2': 1024, 'batch_size': 16, 'num_epochs': 100}. Best is trial 294 with value: 3.210653704404831.
[I 2024-03-21 02:06:33,756] Trial 300 finished with value: 4.640984272956848 and parameters: {'lr': 0.001, 'h1': 512, 'h2': 1024, 'batch_size': 16, 'num_epochs': 100}. Best is trial 294 with value: 3.210653704404831.
[I 2024-03-21 02:07:27,131] Trial 301 finished with value: 3.926980209350586 and parameters: {'lr': 0.001, 'h1': 512, 'h2': 1024, 'batch_size': 16, 'num_epochs': 300}. Best is trial 294 with value: 3.210653704404831.
[I 2024-03-21 02:08:10,534] Trial 302 finished with value: 3.5489449858665467 and parameters: {'lr': 0.001, 'h1': 512, 'h2': 1024, 'batch_size': 16, 'num_epochs': 100}. Best is trial 294 with value: 3.210653704404831.
[I 2024-03-21 02:09:22,327] Trial 303 finished with value: 3.904906516075134 and parameters: {'lr': 0.001, 'h1': 512, 'h2': 1024, 'batch_size': 4, 'num_epochs': 200}. Best is trial 294 with value: 3.210653704404831.
[I 2024-03-21 02:10:10,796] Trial 304 finished with value: 3.644879072904587 and parameters: {'lr': 0.001, 'h1': 512, 'h2': 1024, 'batch_size': 16, 'num_epochs': 200}. Best is trial 294 with value: 3.210653704404831.
[I 2024-03-21 02:10:54,237] Trial 305 finished with value: 4.063488936424255 and parameters: {'lr': 0.001, 'h1': 512, 'h2': 1024, 'batch_size': 16, 'num_epochs': 100}. Best is trial 294 with value: 3.210653704404831.
