[I 2024-03-22 22:15:10,630] A new study created in memory with name: no-name-b12708b2-213f-413c-a430-9535fe38a0ab
[I 2024-03-22 22:15:26,840] Trial 0 finished with value: 0.5834608116341863 and parameters: {'lr': 0.0001, 'h1': 1024, 'h2': 512, 'batch_size': 16, 'num_epochs': 300}. Best is trial 0 with value: 0.5834608116341863.
[I 2024-03-22 22:15:43,033] Trial 1 finished with value: 0.5968295481608175 and parameters: {'lr': 0.0001, 'h1': 256, 'h2': 1024, 'batch_size': 16, 'num_epochs': 300}. Best is trial 1 with value: 0.5968295481608175.
[I 2024-03-22 22:16:13,995] Trial 2 finished with value: 0.6397804672108077 and parameters: {'lr': 0.001, 'h1': 256, 'h2': 256, 'batch_size': 4, 'num_epochs': 200}. Best is trial 2 with value: 0.6397804672108077.
[I 2024-03-22 22:16:46,670] Trial 3 finished with value: 0.5977864859598606 and parameters: {'lr': 5e-05, 'h1': 1024, 'h2': 512, 'batch_size': 4, 'num_epochs': 200}. Best is trial 2 with value: 0.6397804672108077.
[I 2024-03-22 22:16:57,984] Trial 4 finished with value: 0.6097669719341546 and parameters: {'lr': 0.0001, 'h1': 1024, 'h2': 256, 'batch_size': 16, 'num_epochs': 200}. Best is trial 2 with value: 0.6397804672108077.
[I 2024-03-22 22:17:29,468] Trial 5 finished with value: 0.5975162852464465 and parameters: {'lr': 0.0001, 'h1': 1024, 'h2': 256, 'batch_size': 4, 'num_epochs': 200}. Best is trial 2 with value: 0.6397804672108077.
[I 2024-03-22 22:17:56,136] Trial 6 finished with value: 0.5994312124245316 and parameters: {'lr': 0.001, 'h1': 256, 'h2': 512, 'batch_size': 8, 'num_epochs': 300}. Best is trial 2 with value: 0.6397804672108077.
[I 2024-03-22 22:18:01,949] Trial 7 finished with value: 0.5899714939343423 and parameters: {'lr': 5e-05, 'h1': 256, 'h2': 1024, 'batch_size': 16, 'num_epochs': 100}. Best is trial 2 with value: 0.6397804672108077.
[I 2024-03-22 22:18:38,662] Trial 8 finished with value: 0.5964483607208065 and parameters: {'lr': 0.0001, 'h1': 1024, 'h2': 1024, 'batch_size': 4, 'num_epochs': 200}. Best is trial 2 with value: 0.6397804672108077.
[I 2024-03-22 22:18:50,018] Trial 9 finished with value: 0.637153325193084 and parameters: {'lr': 0.001, 'h1': 512, 'h2': 1024, 'batch_size': 16, 'num_epochs': 200}. Best is trial 2 with value: 0.6397804672108077.
[I 2024-03-22 22:19:41,305] Trial 10 finished with value: 0.6289474405883075 and parameters: {'lr': 0.001, 'h1': 512, 'h2': 1024, 'batch_size': 4, 'num_epochs': 300}. Best is trial 2 with value: 0.6397804672108077.
[I 2024-03-22 22:20:12,517] Trial 11 finished with value: 0.6069746765102801 and parameters: {'lr': 0.0001, 'h1': 256, 'h2': 1024, 'batch_size': 4, 'num_epochs': 200}. Best is trial 2 with value: 0.6397804672108077.
[I 2024-03-22 22:20:58,209] Trial 12 finished with value: 0.618035847881049 and parameters: {'lr': 0.001, 'h1': 1024, 'h2': 512, 'batch_size': 4, 'num_epochs': 300}. Best is trial 2 with value: 0.6397804672108077.
[I 2024-03-22 22:21:15,197] Trial 13 finished with value: 0.578065560532564 and parameters: {'lr': 0.0001, 'h1': 512, 'h2': 1024, 'batch_size': 16, 'num_epochs': 300}. Best is trial 2 with value: 0.6397804672108077.
[I 2024-03-22 22:21:34,170] Trial 14 finished with value: 0.5866294630902746 and parameters: {'lr': 5e-05, 'h1': 1024, 'h2': 512, 'batch_size': 8, 'num_epochs': 200}. Best is trial 2 with value: 0.6397804672108077.
[I 2024-03-22 22:21:50,440] Trial 15 finished with value: 0.6332149721623407 and parameters: {'lr': 0.001, 'h1': 256, 'h2': 512, 'batch_size': 4, 'num_epochs': 100}. Best is trial 2 with value: 0.6397804672108077.
[I 2024-03-22 22:22:09,114] Trial 16 finished with value: 0.6047970192861833 and parameters: {'lr': 5e-05, 'h1': 256, 'h2': 1024, 'batch_size': 8, 'num_epochs': 200}. Best is trial 2 with value: 0.6397804672108077.
[I 2024-03-22 22:22:37,426] Trial 17 finished with value: 0.608087598675834 and parameters: {'lr': 5e-05, 'h1': 256, 'h2': 1024, 'batch_size': 8, 'num_epochs': 300}. Best is trial 2 with value: 0.6397804672108077.
[I 2024-03-22 22:22:47,881] Trial 18 finished with value: 0.6167877258801163 and parameters: {'lr': 5e-05, 'h1': 1024, 'h2': 256, 'batch_size': 8, 'num_epochs': 100}. Best is trial 2 with value: 0.6397804672108077.
[I 2024-03-22 22:23:04,801] Trial 19 finished with value: 0.594952368255285 and parameters: {'lr': 5e-05, 'h1': 256, 'h2': 512, 'batch_size': 4, 'num_epochs': 100}. Best is trial 2 with value: 0.6397804672108077.
[I 2024-03-22 22:23:56,823] Trial 20 finished with value: 0.5875832389145083 and parameters: {'lr': 5e-05, 'h1': 256, 'h2': 1024, 'batch_size': 4, 'num_epochs': 300}. Best is trial 2 with value: 0.6397804672108077.
[I 2024-03-22 22:24:08,372] Trial 21 finished with value: 0.5765195176340687 and parameters: {'lr': 0.0001, 'h1': 512, 'h2': 512, 'batch_size': 16, 'num_epochs': 200}. Best is trial 2 with value: 0.6397804672108077.
[I 2024-03-22 22:24:41,626] Trial 22 finished with value: 0.5858968623576739 and parameters: {'lr': 0.0001, 'h1': 1024, 'h2': 512, 'batch_size': 4, 'num_epochs': 200}. Best is trial 2 with value: 0.6397804672108077.
[I 2024-03-22 22:25:00,113] Trial 23 finished with value: 0.616998556998557 and parameters: {'lr': 0.001, 'h1': 256, 'h2': 1024, 'batch_size': 8, 'num_epochs': 200}. Best is trial 2 with value: 0.6397804672108077.
[I 2024-03-22 22:25:55,333] Trial 24 finished with value: 0.6149478114086229 and parameters: {'lr': 0.001, 'h1': 1024, 'h2': 1024, 'batch_size': 4, 'num_epochs': 300}. Best is trial 2 with value: 0.6397804672108077.
[I 2024-03-22 22:26:00,808] Trial 25 finished with value: 0.6032557535343914 and parameters: {'lr': 5e-05, 'h1': 1024, 'h2': 512, 'batch_size': 16, 'num_epochs': 100}. Best is trial 2 with value: 0.6397804672108077.
[I 2024-03-22 22:26:33,212] Trial 26 finished with value: 0.6186339498316034 and parameters: {'lr': 0.001, 'h1': 256, 'h2': 1024, 'batch_size': 4, 'num_epochs': 200}. Best is trial 2 with value: 0.6397804672108077.
[I 2024-03-22 22:26:49,859] Trial 27 finished with value: 0.594299151502997 and parameters: {'lr': 5e-05, 'h1': 512, 'h2': 256, 'batch_size': 4, 'num_epochs': 100}. Best is trial 2 with value: 0.6397804672108077.
[I 2024-03-22 22:26:58,989] Trial 28 finished with value: 0.5845772390664031 and parameters: {'lr': 5e-05, 'h1': 256, 'h2': 512, 'batch_size': 8, 'num_epochs': 100}. Best is trial 2 with value: 0.6397804672108077.
[I 2024-03-22 22:27:47,510] Trial 29 finished with value: 0.5952711066023759 and parameters: {'lr': 0.0001, 'h1': 512, 'h2': 512, 'batch_size': 4, 'num_epochs': 300}. Best is trial 2 with value: 0.6397804672108077.
[I 2024-03-22 22:27:58,117] Trial 30 finished with value: 0.5972034505063673 and parameters: {'lr': 0.001, 'h1': 256, 'h2': 256, 'batch_size': 16, 'num_epochs': 200}. Best is trial 2 with value: 0.6397804672108077.
[I 2024-03-22 22:28:08,643] Trial 31 finished with value: 0.5859344563426362 and parameters: {'lr': 5e-05, 'h1': 256, 'h2': 256, 'batch_size': 16, 'num_epochs': 200}. Best is trial 2 with value: 0.6397804672108077.
[I 2024-03-22 22:28:25,516] Trial 32 finished with value: 0.6184898280254317 and parameters: {'lr': 0.001, 'h1': 256, 'h2': 1024, 'batch_size': 16, 'num_epochs': 300}. Best is trial 2 with value: 0.6397804672108077.
[I 2024-03-22 22:28:41,367] Trial 33 finished with value: 0.5771871407067757 and parameters: {'lr': 0.0001, 'h1': 512, 'h2': 256, 'batch_size': 4, 'num_epochs': 100}. Best is trial 2 with value: 0.6397804672108077.
[I 2024-03-22 22:29:58,999] Trial 34 finished with value: 0.5550180816956114 and parameters: {'lr': 5e-05, 'h1': 1024, 'h2': 1024, 'batch_size': 4, 'num_epochs': 300}. Best is trial 2 with value: 0.6397804672108077.
[I 2024-03-22 22:30:46,616] Trial 35 finished with value: 0.5972651431996389 and parameters: {'lr': 5e-05, 'h1': 256, 'h2': 512, 'batch_size': 8, 'num_epochs': 300}. Best is trial 2 with value: 0.6397804672108077.
[I 2024-03-22 22:31:05,382] Trial 36 finished with value: 0.6248364638457518 and parameters: {'lr': 0.001, 'h1': 512, 'h2': 256, 'batch_size': 8, 'num_epochs': 100}. Best is trial 2 with value: 0.6397804672108077.
[I 2024-03-22 22:32:04,232] Trial 37 finished with value: 0.5534164700108973 and parameters: {'lr': 5e-05, 'h1': 1024, 'h2': 512, 'batch_size': 8, 'num_epochs': 300}. Best is trial 2 with value: 0.6397804672108077.
[I 2024-03-22 22:32:38,119] Trial 38 finished with value: 0.6398383041107498 and parameters: {'lr': 0.001, 'h1': 1024, 'h2': 256, 'batch_size': 16, 'num_epochs': 300}. Best is trial 38 with value: 0.6398383041107498.
[I 2024-03-22 22:32:58,044] Trial 39 finished with value: 0.6289474405883075 and parameters: {'lr': 0.001, 'h1': 256, 'h2': 256, 'batch_size': 8, 'num_epochs': 100}. Best is trial 38 with value: 0.6398383041107498.
[I 2024-03-22 22:34:46,220] Trial 40 finished with value: 0.587972681275598 and parameters: {'lr': 5e-05, 'h1': 512, 'h2': 512, 'batch_size': 4, 'num_epochs': 300}. Best is trial 38 with value: 0.6398383041107498.
[I 2024-03-22 22:35:09,390] Trial 41 finished with value: 0.5879659659226223 and parameters: {'lr': 0.0001, 'h1': 1024, 'h2': 1024, 'batch_size': 8, 'num_epochs': 100}. Best is trial 38 with value: 0.6398383041107498.
[I 2024-03-22 22:35:29,216] Trial 42 finished with value: 0.587972681275598 and parameters: {'lr': 0.0001, 'h1': 256, 'h2': 512, 'batch_size': 8, 'num_epochs': 100}. Best is trial 38 with value: 0.6398383041107498.
[I 2024-03-22 22:37:17,483] Trial 43 finished with value: 0.5970576314131797 and parameters: {'lr': 0.0001, 'h1': 256, 'h2': 256, 'batch_size': 4, 'num_epochs': 300}. Best is trial 38 with value: 0.6398383041107498.
[I 2024-03-22 22:38:35,570] Trial 44 finished with value: 0.574618666868952 and parameters: {'lr': 5e-05, 'h1': 512, 'h2': 1024, 'batch_size': 4, 'num_epochs': 200}. Best is trial 38 with value: 0.6398383041107498.
[I 2024-03-22 22:39:12,589] Trial 45 finished with value: 0.5990026485382522 and parameters: {'lr': 5e-05, 'h1': 1024, 'h2': 512, 'batch_size': 4, 'num_epochs': 100}. Best is trial 38 with value: 0.6398383041107498.
[I 2024-03-22 22:40:13,319] Trial 46 finished with value: 0.575611007861293 and parameters: {'lr': 0.0001, 'h1': 256, 'h2': 512, 'batch_size': 8, 'num_epochs': 300}. Best is trial 38 with value: 0.6398383041107498.
[I 2024-03-22 22:40:48,934] Trial 47 finished with value: 0.6051599999587617 and parameters: {'lr': 5e-05, 'h1': 1024, 'h2': 256, 'batch_size': 4, 'num_epochs': 100}. Best is trial 38 with value: 0.6398383041107498.
[I 2024-03-22 22:41:09,008] Trial 48 finished with value: 0.5719341803707129 and parameters: {'lr': 5e-05, 'h1': 256, 'h2': 256, 'batch_size': 8, 'num_epochs': 100}. Best is trial 38 with value: 0.6398383041107498.
[I 2024-03-22 22:41:29,811] Trial 49 finished with value: 0.6081230018691319 and parameters: {'lr': 0.0001, 'h1': 1024, 'h2': 512, 'batch_size': 8, 'num_epochs': 100}. Best is trial 38 with value: 0.6398383041107498.
[I 2024-03-22 22:41:52,945] Trial 50 finished with value: 0.567028877916934 and parameters: {'lr': 5e-05, 'h1': 1024, 'h2': 1024, 'batch_size': 8, 'num_epochs': 100}. Best is trial 38 with value: 0.6398383041107498.
[I 2024-03-22 22:42:13,654] Trial 51 finished with value: 0.5867565186972064 and parameters: {'lr': 5e-05, 'h1': 512, 'h2': 512, 'batch_size': 8, 'num_epochs': 100}. Best is trial 38 with value: 0.6398383041107498.
[I 2024-03-22 22:43:15,080] Trial 52 finished with value: 0.6047090924392537 and parameters: {'lr': 0.0001, 'h1': 512, 'h2': 256, 'batch_size': 8, 'num_epochs': 300}. Best is trial 38 with value: 0.6398383041107498.
[I 2024-03-22 22:43:42,123] Trial 53 finished with value: 0.6051701652320847 and parameters: {'lr': 0.001, 'h1': 256, 'h2': 256, 'batch_size': 8, 'num_epochs': 200}. Best is trial 38 with value: 0.6398383041107498.
[I 2024-03-22 22:43:51,988] Trial 54 finished with value: 0.6265736740040145 and parameters: {'lr': 0.0001, 'h1': 256, 'h2': 512, 'batch_size': 16, 'num_epochs': 100}. Best is trial 38 with value: 0.6398383041107498.
[I 2024-03-22 22:44:24,231] Trial 55 finished with value: 0.595652019481252 and parameters: {'lr': 0.0001, 'h1': 512, 'h2': 256, 'batch_size': 16, 'num_epochs': 300}. Best is trial 38 with value: 0.6398383041107498.
[I 2024-03-22 22:44:37,228] Trial 56 finished with value: 0.6472386230900163 and parameters: {'lr': 0.001, 'h1': 1024, 'h2': 1024, 'batch_size': 16, 'num_epochs': 100}. Best is trial 56 with value: 0.6472386230900163.
[I 2024-03-22 22:45:00,631] Trial 57 finished with value: 0.6160526714608514 and parameters: {'lr': 0.001, 'h1': 1024, 'h2': 256, 'batch_size': 16, 'num_epochs': 200}. Best is trial 56 with value: 0.6472386230900163.
[I 2024-03-22 22:45:36,650] Trial 58 finished with value: 0.5993749632041958 and parameters: {'lr': 5e-05, 'h1': 512, 'h2': 512, 'batch_size': 4, 'num_epochs': 100}. Best is trial 56 with value: 0.6472386230900163.
[I 2024-03-22 22:45:58,169] Trial 59 finished with value: 0.5747457224758838 and parameters: {'lr': 0.0001, 'h1': 1024, 'h2': 512, 'batch_size': 16, 'num_epochs': 200}. Best is trial 56 with value: 0.6472386230900163.
[I 2024-03-22 22:47:00,020] Trial 60 finished with value: 0.59675698914089 and parameters: {'lr': 0.0001, 'h1': 256, 'h2': 512, 'batch_size': 4, 'num_epochs': 200}. Best is trial 56 with value: 0.6472386230900163.
[I 2024-03-22 22:47:20,557] Trial 61 finished with value: 0.5806203844496169 and parameters: {'lr': 0.0001, 'h1': 256, 'h2': 1024, 'batch_size': 8, 'num_epochs': 100}. Best is trial 56 with value: 0.6472386230900163.
[I 2024-03-22 22:47:43,775] Trial 62 finished with value: 0.5858306128177401 and parameters: {'lr': 5e-05, 'h1': 512, 'h2': 512, 'batch_size': 16, 'num_epochs': 200}. Best is trial 56 with value: 0.6472386230900163.
[I 2024-03-22 22:48:43,206] Trial 63 finished with value: 0.6062227968110321 and parameters: {'lr': 5e-05, 'h1': 256, 'h2': 256, 'batch_size': 8, 'num_epochs': 300}. Best is trial 56 with value: 0.6472386230900163.
[I 2024-03-22 22:49:30,130] Trial 64 finished with value: 0.6297104391996032 and parameters: {'lr': 0.001, 'h1': 512, 'h2': 512, 'batch_size': 8, 'num_epochs': 300}. Best is trial 56 with value: 0.6472386230900163.
[I 2024-03-22 22:50:05,804] Trial 65 finished with value: 0.5855743778246629 and parameters: {'lr': 5e-05, 'h1': 512, 'h2': 1024, 'batch_size': 4, 'num_epochs': 100}. Best is trial 56 with value: 0.6472386230900163.
[I 2024-03-22 22:50:37,534] Trial 66 finished with value: 0.6076571519295978 and parameters: {'lr': 5e-05, 'h1': 512, 'h2': 512, 'batch_size': 16, 'num_epochs': 300}. Best is trial 56 with value: 0.6472386230900163.
[I 2024-03-22 22:51:02,466] Trial 67 finished with value: 0.6026671096542369 and parameters: {'lr': 5e-05, 'h1': 1024, 'h2': 1024, 'batch_size': 16, 'num_epochs': 200}. Best is trial 56 with value: 0.6472386230900163.
[I 2024-03-22 22:51:23,534] Trial 68 finished with value: 0.5858872125647423 and parameters: {'lr': 0.001, 'h1': 1024, 'h2': 512, 'batch_size': 16, 'num_epochs': 200}. Best is trial 56 with value: 0.6472386230900163.
[I 2024-03-22 22:52:17,419] Trial 69 finished with value: 0.5863182431603484 and parameters: {'lr': 0.0001, 'h1': 256, 'h2': 256, 'batch_size': 4, 'num_epochs': 200}. Best is trial 56 with value: 0.6472386230900163.
[I 2024-03-22 22:52:48,055] Trial 70 finished with value: 0.6030714933501311 and parameters: {'lr': 0.001, 'h1': 256, 'h2': 256, 'batch_size': 4, 'num_epochs': 100}. Best is trial 56 with value: 0.6472386230900163.
[I 2024-03-22 22:53:48,388] Trial 71 finished with value: 0.5780588451795883 and parameters: {'lr': 5e-05, 'h1': 1024, 'h2': 256, 'batch_size': 4, 'num_epochs': 200}. Best is trial 56 with value: 0.6472386230900163.
[I 2024-03-22 22:54:04,331] Trial 72 finished with value: 0.5951489157738139 and parameters: {'lr': 0.001, 'h1': 512, 'h2': 512, 'batch_size': 8, 'num_epochs': 100}. Best is trial 56 with value: 0.6472386230900163.
[I 2024-03-22 22:54:15,864] Trial 73 finished with value: 0.6344058418361824 and parameters: {'lr': 0.001, 'h1': 512, 'h2': 1024, 'batch_size': 16, 'num_epochs': 100}. Best is trial 56 with value: 0.6472386230900163.
[I 2024-03-22 22:54:49,711] Trial 74 finished with value: 0.6376692450995856 and parameters: {'lr': 0.001, 'h1': 512, 'h2': 256, 'batch_size': 4, 'num_epochs': 100}. Best is trial 56 with value: 0.6472386230900163.
[I 2024-03-22 22:55:12,319] Trial 75 finished with value: 0.6259590151850214 and parameters: {'lr': 0.001, 'h1': 256, 'h2': 1024, 'batch_size': 16, 'num_epochs': 200}. Best is trial 56 with value: 0.6472386230900163.
[I 2024-03-22 22:55:25,618] Trial 76 finished with value: 0.5734379074838583 and parameters: {'lr': 5e-05, 'h1': 1024, 'h2': 1024, 'batch_size': 16, 'num_epochs': 100}. Best is trial 56 with value: 0.6472386230900163.
[I 2024-03-22 22:56:00,972] Trial 77 finished with value: 0.607361713296209 and parameters: {'lr': 0.0001, 'h1': 512, 'h2': 1024, 'batch_size': 8, 'num_epochs': 200}. Best is trial 56 with value: 0.6472386230900163.
[I 2024-03-22 22:56:21,722] Trial 78 finished with value: 0.5951861141954022 and parameters: {'lr': 0.0001, 'h1': 512, 'h2': 256, 'batch_size': 16, 'num_epochs': 200}. Best is trial 56 with value: 0.6472386230900163.
[I 2024-03-22 22:56:44,292] Trial 79 finished with value: 0.5868321771108149 and parameters: {'lr': 0.0001, 'h1': 512, 'h2': 1024, 'batch_size': 8, 'num_epochs': 100}. Best is trial 56 with value: 0.6472386230900163.
[I 2024-03-22 22:57:04,106] Trial 80 finished with value: 0.6154627350814412 and parameters: {'lr': 0.001, 'h1': 256, 'h2': 512, 'batch_size': 8, 'num_epochs': 100}. Best is trial 56 with value: 0.6472386230900163.
[I 2024-03-22 22:57:26,784] Trial 81 finished with value: 0.628752898288502 and parameters: {'lr': 0.0001, 'h1': 256, 'h2': 256, 'batch_size': 16, 'num_epochs': 200}. Best is trial 56 with value: 0.6472386230900163.
[I 2024-03-22 22:58:33,854] Trial 82 finished with value: 0.6189805653582743 and parameters: {'lr': 0.001, 'h1': 1024, 'h2': 1024, 'batch_size': 8, 'num_epochs': 300}. Best is trial 56 with value: 0.6472386230900163.
[I 2024-03-22 23:00:04,108] Trial 83 finished with value: 0.6382970383589579 and parameters: {'lr': 0.001, 'h1': 256, 'h2': 512, 'batch_size': 4, 'num_epochs': 300}. Best is trial 56 with value: 0.6472386230900163.
[I 2024-03-22 23:00:38,092] Trial 84 finished with value: 0.6155437067413603 and parameters: {'lr': 5e-05, 'h1': 256, 'h2': 1024, 'batch_size': 4, 'num_epochs': 100}. Best is trial 56 with value: 0.6472386230900163.
[I 2024-03-22 23:01:21,479] Trial 85 finished with value: 0.5651086374925385 and parameters: {'lr': 5e-05, 'h1': 1024, 'h2': 1024, 'batch_size': 8, 'num_epochs': 200}. Best is trial 56 with value: 0.6472386230900163.
[I 2024-03-22 23:02:18,945] Trial 86 finished with value: 0.5862536431576679 and parameters: {'lr': 5e-05, 'h1': 1024, 'h2': 256, 'batch_size': 8, 'num_epochs': 300}. Best is trial 56 with value: 0.6472386230900163.
[I 2024-03-22 23:02:52,417] Trial 87 finished with value: 0.5879079142391836 and parameters: {'lr': 5e-05, 'h1': 512, 'h2': 256, 'batch_size': 16, 'num_epochs': 300}. Best is trial 56 with value: 0.6472386230900163.
[I 2024-03-22 23:03:13,654] Trial 88 finished with value: 0.6089566096279475 and parameters: {'lr': 0.001, 'h1': 512, 'h2': 256, 'batch_size': 16, 'num_epochs': 200}. Best is trial 56 with value: 0.6472386230900163.
[I 2024-03-22 23:03:32,389] Trial 89 finished with value: 0.6172660225911001 and parameters: {'lr': 0.0001, 'h1': 256, 'h2': 256, 'batch_size': 8, 'num_epochs': 100}. Best is trial 56 with value: 0.6472386230900163.
[I 2024-03-22 23:04:05,201] Trial 90 finished with value: 0.6092834100883636 and parameters: {'lr': 5e-05, 'h1': 256, 'h2': 256, 'batch_size': 4, 'num_epochs': 100}. Best is trial 56 with value: 0.6472386230900163.
[I 2024-03-22 23:05:06,602] Trial 91 finished with value: 0.6272917863010743 and parameters: {'lr': 0.0001, 'h1': 512, 'h2': 512, 'batch_size': 8, 'num_epochs': 300}. Best is trial 56 with value: 0.6472386230900163.
[I 2024-03-22 23:06:12,996] Trial 92 finished with value: 0.5856269568246104 and parameters: {'lr': 5e-05, 'h1': 256, 'h2': 256, 'batch_size': 4, 'num_epochs': 200}. Best is trial 56 with value: 0.6472386230900163.
[I 2024-03-22 23:06:45,083] Trial 93 finished with value: 0.6155369913883846 and parameters: {'lr': 0.0001, 'h1': 256, 'h2': 512, 'batch_size': 16, 'num_epochs': 300}. Best is trial 56 with value: 0.6472386230900163.
[I 2024-03-22 23:06:56,798] Trial 94 finished with value: 0.5466173008278271 and parameters: {'lr': 5e-05, 'h1': 256, 'h2': 512, 'batch_size': 16, 'num_epochs': 100}. Best is trial 56 with value: 0.6472386230900163.
[I 2024-03-22 23:07:27,235] Trial 95 finished with value: 0.629974717405058 and parameters: {'lr': 0.001, 'h1': 256, 'h2': 256, 'batch_size': 16, 'num_epochs': 300}. Best is trial 56 with value: 0.6472386230900163.
[I 2024-03-22 23:08:11,498] Trial 96 finished with value: 0.576555085781092 and parameters: {'lr': 0.0001, 'h1': 1024, 'h2': 256, 'batch_size': 8, 'num_epochs': 300}. Best is trial 56 with value: 0.6472386230900163.
[I 2024-03-22 23:08:24,704] Trial 97 finished with value: 0.5933856236642615 and parameters: {'lr': 5e-05, 'h1': 256, 'h2': 512, 'batch_size': 16, 'num_epochs': 200}. Best is trial 56 with value: 0.6472386230900163.
[I 2024-03-22 23:08:41,869] Trial 98 finished with value: 0.6026671096542369 and parameters: {'lr': 0.0001, 'h1': 512, 'h2': 1024, 'batch_size': 4, 'num_epochs': 100}. Best is trial 56 with value: 0.6472386230900163.
[I 2024-03-22 23:08:53,063] Trial 99 finished with value: 0.587972681275598 and parameters: {'lr': 5e-05, 'h1': 1024, 'h2': 512, 'batch_size': 16, 'num_epochs': 200}. Best is trial 56 with value: 0.6472386230900163.
[I 2024-03-22 23:08:58,524] Trial 100 finished with value: 0.594075103105574 and parameters: {'lr': 0.0001, 'h1': 256, 'h2': 256, 'batch_size': 16, 'num_epochs': 100}. Best is trial 56 with value: 0.6472386230900163.
