[I 2024-03-23 10:04:40,835] A new study created in memory with name: no-name-592f1f44-dbdf-4fd1-af17-1dc5a5448f2b
[I 2024-03-23 10:04:55,202] Trial 0 finished with value: 3.8626944959163665 and parameters: {'lr': 0.001, 'h1': 512, 'h2': 512, 'batch_size': 16, 'num_epochs': 300}. Best is trial 0 with value: 3.8626944959163665.
[I 2024-03-23 10:05:09,595] Trial 1 finished with value: 3.929263007640839 and parameters: {'lr': 0.0001, 'h1': 1024, 'h2': 256, 'batch_size': 16, 'num_epochs': 300}. Best is trial 0 with value: 3.8626944959163665.
[I 2024-03-23 10:05:27,441] Trial 2 finished with value: 3.698707528909048 and parameters: {'lr': 5e-05, 'h1': 256, 'h2': 1024, 'batch_size': 8, 'num_epochs': 200}. Best is trial 2 with value: 3.698707528909048.
[I 2024-03-23 10:05:43,604] Trial 3 finished with value: 3.8059963297843935 and parameters: {'lr': 5e-05, 'h1': 512, 'h2': 512, 'batch_size': 4, 'num_epochs': 100}. Best is trial 2 with value: 3.698707528909048.
[I 2024-03-23 10:06:31,519] Trial 4 finished with value: 3.7114801383018494 and parameters: {'lr': 5e-05, 'h1': 256, 'h2': 512, 'batch_size': 4, 'num_epochs': 300}. Best is trial 2 with value: 3.698707528909048.
[I 2024-03-23 10:06:48,263] Trial 5 finished with value: 3.921944057941437 and parameters: {'lr': 5e-05, 'h1': 512, 'h2': 512, 'batch_size': 16, 'num_epochs': 300}. Best is trial 2 with value: 3.698707528909048.
[I 2024-03-23 10:07:04,899] Trial 6 finished with value: 3.684679960012436 and parameters: {'lr': 0.001, 'h1': 512, 'h2': 512, 'batch_size': 4, 'num_epochs': 100}. Best is trial 6 with value: 3.684679960012436.
[I 2024-03-23 10:07:10,416] Trial 7 finished with value: 4.035915720462799 and parameters: {'lr': 0.0001, 'h1': 1024, 'h2': 1024, 'batch_size': 16, 'num_epochs': 100}. Best is trial 6 with value: 3.684679960012436.
[I 2024-03-23 10:07:43,364] Trial 8 finished with value: 3.816729011535645 and parameters: {'lr': 0.0001, 'h1': 256, 'h2': 1024, 'batch_size': 4, 'num_epochs': 200}. Best is trial 6 with value: 3.684679960012436.
[I 2024-03-23 10:08:16,209] Trial 9 finished with value: 3.6558455371856686 and parameters: {'lr': 5e-05, 'h1': 1024, 'h2': 256, 'batch_size': 4, 'num_epochs': 200}. Best is trial 9 with value: 3.6558455371856686.
[I 2024-03-23 10:08:25,149] Trial 10 finished with value: 4.103260763486226 and parameters: {'lr': 0.001, 'h1': 256, 'h2': 1024, 'batch_size': 8, 'num_epochs': 100}. Best is trial 9 with value: 3.6558455371856686.
[I 2024-03-23 10:08:40,921] Trial 11 finished with value: 3.833446667194366 and parameters: {'lr': 5e-05, 'h1': 512, 'h2': 256, 'batch_size': 4, 'num_epochs': 100}. Best is trial 9 with value: 3.6558455371856686.
[I 2024-03-23 10:08:58,213] Trial 12 finished with value: 3.805101255575816 and parameters: {'lr': 5e-05, 'h1': 512, 'h2': 256, 'batch_size': 8, 'num_epochs': 200}. Best is trial 9 with value: 3.6558455371856686.
[I 2024-03-23 10:09:14,558] Trial 13 finished with value: 3.781601083278656 and parameters: {'lr': 0.0001, 'h1': 1024, 'h2': 1024, 'batch_size': 16, 'num_epochs': 300}. Best is trial 9 with value: 3.6558455371856686.
[I 2024-03-23 10:09:30,461] Trial 14 finished with value: 3.818027586936951 and parameters: {'lr': 0.0001, 'h1': 1024, 'h2': 256, 'batch_size': 4, 'num_epochs': 100}. Best is trial 9 with value: 3.6558455371856686.
[I 2024-03-23 10:09:40,440] Trial 15 finished with value: 3.855666583776474 and parameters: {'lr': 0.0001, 'h1': 512, 'h2': 1024, 'batch_size': 16, 'num_epochs': 200}. Best is trial 9 with value: 3.6558455371856686.
[I 2024-03-23 10:10:16,100] Trial 16 finished with value: 3.6905749034881596 and parameters: {'lr': 5e-05, 'h1': 1024, 'h2': 1024, 'batch_size': 4, 'num_epochs': 200}. Best is trial 9 with value: 3.6558455371856686.
[I 2024-03-23 10:10:20,972] Trial 17 finished with value: 3.9222290992736815 and parameters: {'lr': 0.0001, 'h1': 512, 'h2': 512, 'batch_size': 16, 'num_epochs': 100}. Best is trial 9 with value: 3.6558455371856686.
[I 2024-03-23 10:10:31,669] Trial 18 finished with value: 3.771535927057266 and parameters: {'lr': 0.001, 'h1': 1024, 'h2': 1024, 'batch_size': 16, 'num_epochs': 200}. Best is trial 9 with value: 3.6558455371856686.
[I 2024-03-23 10:10:36,505] Trial 19 finished with value: 3.943030536174774 and parameters: {'lr': 5e-05, 'h1': 256, 'h2': 512, 'batch_size': 16, 'num_epochs': 100}. Best is trial 9 with value: 3.6558455371856686.
[I 2024-03-23 10:10:46,068] Trial 20 finished with value: 4.246541309356689 and parameters: {'lr': 0.001, 'h1': 512, 'h2': 512, 'batch_size': 16, 'num_epochs': 200}. Best is trial 9 with value: 3.6558455371856686.
[I 2024-03-23 10:10:50,866] Trial 21 finished with value: 3.9764643907546997 and parameters: {'lr': 0.001, 'h1': 1024, 'h2': 256, 'batch_size': 16, 'num_epochs': 100}. Best is trial 9 with value: 3.6558455371856686.
[I 2024-03-23 10:11:22,496] Trial 22 finished with value: 3.757965624332428 and parameters: {'lr': 0.001, 'h1': 512, 'h2': 512, 'batch_size': 4, 'num_epochs': 200}. Best is trial 9 with value: 3.6558455371856686.
[I 2024-03-23 10:11:32,105] Trial 23 finished with value: 3.8229328393936157 and parameters: {'lr': 0.001, 'h1': 256, 'h2': 1024, 'batch_size': 16, 'num_epochs': 200}. Best is trial 9 with value: 3.6558455371856686.
[I 2024-03-23 10:11:58,697] Trial 24 finished with value: 3.880528028806051 and parameters: {'lr': 0.0001, 'h1': 1024, 'h2': 512, 'batch_size': 8, 'num_epochs': 300}. Best is trial 9 with value: 3.6558455371856686.
[I 2024-03-23 10:12:14,817] Trial 25 finished with value: 3.7855969715118407 and parameters: {'lr': 5e-05, 'h1': 256, 'h2': 1024, 'batch_size': 4, 'num_epochs': 100}. Best is trial 9 with value: 3.6558455371856686.
[I 2024-03-23 10:12:24,604] Trial 26 finished with value: 3.9164106130599974 and parameters: {'lr': 5e-05, 'h1': 1024, 'h2': 512, 'batch_size': 16, 'num_epochs': 200}. Best is trial 9 with value: 3.6558455371856686.
[I 2024-03-23 10:13:12,663] Trial 27 finished with value: 3.820680983066559 and parameters: {'lr': 0.001, 'h1': 256, 'h2': 1024, 'batch_size': 4, 'num_epochs': 300}. Best is trial 9 with value: 3.6558455371856686.
[I 2024-03-23 10:13:39,032] Trial 28 finished with value: 3.989685459931691 and parameters: {'lr': 0.001, 'h1': 256, 'h2': 1024, 'batch_size': 8, 'num_epochs': 300}. Best is trial 9 with value: 3.6558455371856686.
[I 2024-03-23 10:13:48,050] Trial 29 finished with value: 3.92003573179245 and parameters: {'lr': 0.001, 'h1': 1024, 'h2': 512, 'batch_size': 8, 'num_epochs': 100}. Best is trial 9 with value: 3.6558455371856686.
[I 2024-03-23 10:13:52,776] Trial 30 finished with value: 3.994073140621185 and parameters: {'lr': 0.001, 'h1': 512, 'h2': 256, 'batch_size': 16, 'num_epochs': 100}. Best is trial 9 with value: 3.6558455371856686.
[I 2024-03-23 10:14:02,385] Trial 31 finished with value: 3.8656935811042787 and parameters: {'lr': 5e-05, 'h1': 512, 'h2': 512, 'batch_size': 16, 'num_epochs': 200}. Best is trial 9 with value: 3.6558455371856686.
[I 2024-03-23 10:14:16,524] Trial 32 finished with value: 3.9567263960838317 and parameters: {'lr': 0.0001, 'h1': 256, 'h2': 512, 'batch_size': 16, 'num_epochs': 300}. Best is trial 9 with value: 3.6558455371856686.
[I 2024-03-23 10:14:33,376] Trial 33 finished with value: 3.7338650941848757 and parameters: {'lr': 5e-05, 'h1': 512, 'h2': 1024, 'batch_size': 4, 'num_epochs': 100}. Best is trial 9 with value: 3.6558455371856686.
[I 2024-03-23 10:15:05,805] Trial 34 finished with value: 3.799811992645264 and parameters: {'lr': 0.001, 'h1': 1024, 'h2': 512, 'batch_size': 4, 'num_epochs': 200}. Best is trial 9 with value: 3.6558455371856686.
[I 2024-03-23 10:15:15,569] Trial 35 finished with value: 3.8451281428337096 and parameters: {'lr': 0.001, 'h1': 1024, 'h2': 1024, 'batch_size': 8, 'num_epochs': 100}. Best is trial 9 with value: 3.6558455371856686.
[I 2024-03-23 10:15:47,016] Trial 36 finished with value: 3.702611522674561 and parameters: {'lr': 0.0001, 'h1': 256, 'h2': 512, 'batch_size': 4, 'num_epochs': 200}. Best is trial 9 with value: 3.6558455371856686.
[I 2024-03-23 10:16:04,461] Trial 37 finished with value: 3.8664440552393593 and parameters: {'lr': 5e-05, 'h1': 512, 'h2': 512, 'batch_size': 8, 'num_epochs': 200}. Best is trial 9 with value: 3.6558455371856686.
[I 2024-03-23 10:16:52,182] Trial 38 finished with value: 3.8285421061515805 and parameters: {'lr': 5e-05, 'h1': 256, 'h2': 1024, 'batch_size': 4, 'num_epochs': 300}. Best is trial 9 with value: 3.6558455371856686.
[I 2024-03-23 10:17:09,901] Trial 39 finished with value: 3.8583875576655067 and parameters: {'lr': 0.001, 'h1': 256, 'h2': 1024, 'batch_size': 8, 'num_epochs': 200}. Best is trial 9 with value: 3.6558455371856686.
[I 2024-03-23 10:17:25,640] Trial 40 finished with value: 3.8425369834899903 and parameters: {'lr': 0.001, 'h1': 256, 'h2': 256, 'batch_size': 4, 'num_epochs': 100}. Best is trial 9 with value: 3.6558455371856686.
[I 2024-03-23 10:18:14,518] Trial 41 finished with value: 3.8127941250801087 and parameters: {'lr': 0.001, 'h1': 1024, 'h2': 512, 'batch_size': 4, 'num_epochs': 300}. Best is trial 9 with value: 3.6558455371856686.
[I 2024-03-23 10:18:41,687] Trial 42 finished with value: 3.943192903200786 and parameters: {'lr': 0.001, 'h1': 512, 'h2': 1024, 'batch_size': 8, 'num_epochs': 300}. Best is trial 9 with value: 3.6558455371856686.
[I 2024-03-23 10:19:34,972] Trial 43 finished with value: 3.6479559755325317 and parameters: {'lr': 0.001, 'h1': 1024, 'h2': 1024, 'batch_size': 4, 'num_epochs': 300}. Best is trial 43 with value: 3.6479559755325317.
[I 2024-03-23 10:19:51,668] Trial 44 finished with value: 3.8936632049083713 and parameters: {'lr': 0.001, 'h1': 512, 'h2': 1024, 'batch_size': 4, 'num_epochs': 100}. Best is trial 43 with value: 3.6479559755325317.
[I 2024-03-23 10:20:00,632] Trial 45 finished with value: 3.8380685687065124 and parameters: {'lr': 5e-05, 'h1': 1024, 'h2': 512, 'batch_size': 8, 'num_epochs': 100}. Best is trial 43 with value: 3.6479559755325317.
[I 2024-03-23 10:20:18,463] Trial 46 finished with value: 3.715004087686539 and parameters: {'lr': 0.001, 'h1': 1024, 'h2': 1024, 'batch_size': 4, 'num_epochs': 100}. Best is trial 43 with value: 3.6479559755325317.
[I 2024-03-23 10:20:37,808] Trial 47 finished with value: 3.789132789770762 and parameters: {'lr': 5e-05, 'h1': 1024, 'h2': 1024, 'batch_size': 8, 'num_epochs': 200}. Best is trial 43 with value: 3.6479559755325317.
[I 2024-03-23 10:20:52,536] Trial 48 finished with value: 3.9059581577777864 and parameters: {'lr': 5e-05, 'h1': 512, 'h2': 1024, 'batch_size': 16, 'num_epochs': 300}. Best is trial 43 with value: 3.6479559755325317.
[I 2024-03-23 10:21:39,202] Trial 49 finished with value: 3.707345297336578 and parameters: {'lr': 5e-05, 'h1': 256, 'h2': 256, 'batch_size': 4, 'num_epochs': 300}. Best is trial 43 with value: 3.6479559755325317.
[I 2024-03-23 10:21:57,101] Trial 50 finished with value: 3.79677502711614 and parameters: {'lr': 0.001, 'h1': 1024, 'h2': 512, 'batch_size': 8, 'num_epochs': 200}. Best is trial 43 with value: 3.6479559755325317.
[I 2024-03-23 10:22:16,299] Trial 51 finished with value: 3.797573502858479 and parameters: {'lr': 0.001, 'h1': 1024, 'h2': 1024, 'batch_size': 8, 'num_epochs': 200}. Best is trial 43 with value: 3.6479559755325317.
[I 2024-03-23 10:22:24,940] Trial 52 finished with value: 3.784754455089569 and parameters: {'lr': 0.001, 'h1': 256, 'h2': 512, 'batch_size': 8, 'num_epochs': 100}. Best is trial 43 with value: 3.6479559755325317.
[I 2024-03-23 10:22:29,796] Trial 53 finished with value: 3.883954256772995 and parameters: {'lr': 0.0001, 'h1': 256, 'h2': 1024, 'batch_size': 16, 'num_epochs': 100}. Best is trial 43 with value: 3.6479559755325317.
[I 2024-03-23 10:22:44,460] Trial 54 finished with value: 4.236126053333282 and parameters: {'lr': 0.001, 'h1': 512, 'h2': 1024, 'batch_size': 16, 'num_epochs': 300}. Best is trial 43 with value: 3.6479559755325317.
[I 2024-03-23 10:22:58,720] Trial 55 finished with value: 3.8842580676078797 and parameters: {'lr': 0.001, 'h1': 256, 'h2': 512, 'batch_size': 16, 'num_epochs': 300}. Best is trial 43 with value: 3.6479559755325317.
[I 2024-03-23 10:23:45,739] Trial 56 finished with value: 3.8292401719093325 and parameters: {'lr': 5e-05, 'h1': 512, 'h2': 256, 'batch_size': 4, 'num_epochs': 300}. Best is trial 43 with value: 3.6479559755325317.
[I 2024-03-23 10:24:17,363] Trial 57 finished with value: 3.7437949419021614 and parameters: {'lr': 0.0001, 'h1': 1024, 'h2': 256, 'batch_size': 4, 'num_epochs': 200}. Best is trial 43 with value: 3.6479559755325317.
[I 2024-03-23 10:24:50,608] Trial 58 finished with value: 3.793864567279816 and parameters: {'lr': 0.001, 'h1': 512, 'h2': 1024, 'batch_size': 4, 'num_epochs': 200}. Best is trial 43 with value: 3.6479559755325317.
[I 2024-03-23 10:25:08,805] Trial 59 finished with value: 3.8298878987630203 and parameters: {'lr': 5e-05, 'h1': 512, 'h2': 1024, 'batch_size': 8, 'num_epochs': 200}. Best is trial 43 with value: 3.6479559755325317.
[I 2024-03-23 10:25:17,590] Trial 60 finished with value: 3.6785462379455565 and parameters: {'lr': 0.001, 'h1': 512, 'h2': 512, 'batch_size': 8, 'num_epochs': 100}. Best is trial 43 with value: 3.6479559755325317.
[I 2024-03-23 10:25:46,472] Trial 61 finished with value: 3.923308900992076 and parameters: {'lr': 0.0001, 'h1': 1024, 'h2': 1024, 'batch_size': 8, 'num_epochs': 300}. Best is trial 43 with value: 3.6479559755325317.
[I 2024-03-23 10:25:51,287] Trial 62 finished with value: 3.9142100334167482 and parameters: {'lr': 5e-05, 'h1': 512, 'h2': 512, 'batch_size': 16, 'num_epochs': 100}. Best is trial 43 with value: 3.6479559755325317.
[I 2024-03-23 10:26:22,899] Trial 63 finished with value: 3.758459972143173 and parameters: {'lr': 0.001, 'h1': 1024, 'h2': 256, 'batch_size': 4, 'num_epochs': 200}. Best is trial 43 with value: 3.6479559755325317.
[I 2024-03-23 10:26:51,851] Trial 64 finished with value: 3.7522490342458092 and parameters: {'lr': 0.001, 'h1': 1024, 'h2': 1024, 'batch_size': 8, 'num_epochs': 300}. Best is trial 43 with value: 3.6479559755325317.
[I 2024-03-23 10:27:00,476] Trial 65 finished with value: 3.816099945704142 and parameters: {'lr': 5e-05, 'h1': 256, 'h2': 512, 'batch_size': 8, 'num_epochs': 100}. Best is trial 43 with value: 3.6479559755325317.
[I 2024-03-23 10:27:32,719] Trial 66 finished with value: 3.734233260154724 and parameters: {'lr': 5e-05, 'h1': 1024, 'h2': 512, 'batch_size': 4, 'num_epochs': 200}. Best is trial 43 with value: 3.6479559755325317.
[I 2024-03-23 10:27:58,509] Trial 67 finished with value: 3.688308892647426 and parameters: {'lr': 0.001, 'h1': 256, 'h2': 512, 'batch_size': 8, 'num_epochs': 300}. Best is trial 43 with value: 3.6479559755325317.
[I 2024-03-23 10:28:08,055] Trial 68 finished with value: 4.014875584840775 and parameters: {'lr': 0.001, 'h1': 1024, 'h2': 256, 'batch_size': 16, 'num_epochs': 200}. Best is trial 43 with value: 3.6479559755325317.
[I 2024-03-23 10:28:22,339] Trial 69 finished with value: 3.919308292865753 and parameters: {'lr': 5e-05, 'h1': 256, 'h2': 1024, 'batch_size': 16, 'num_epochs': 300}. Best is trial 43 with value: 3.6479559755325317.
[I 2024-03-23 10:28:31,569] Trial 70 finished with value: 3.9489426453908285 and parameters: {'lr': 5e-05, 'h1': 512, 'h2': 1024, 'batch_size': 8, 'num_epochs': 100}. Best is trial 43 with value: 3.6479559755325317.
[I 2024-03-23 10:28:36,487] Trial 71 finished with value: 3.721451389789581 and parameters: {'lr': 0.0001, 'h1': 512, 'h2': 1024, 'batch_size': 16, 'num_epochs': 100}. Best is trial 43 with value: 3.6479559755325317.
[I 2024-03-23 10:29:23,417] Trial 72 finished with value: 3.777558741569519 and parameters: {'lr': 0.001, 'h1': 256, 'h2': 256, 'batch_size': 4, 'num_epochs': 300}. Best is trial 43 with value: 3.6479559755325317.
[I 2024-03-23 10:29:39,552] Trial 73 finished with value: 3.71073299407959 and parameters: {'lr': 0.001, 'h1': 256, 'h2': 1024, 'batch_size': 4, 'num_epochs': 100}. Best is trial 43 with value: 3.6479559755325317.
[I 2024-03-23 10:29:55,401] Trial 74 finished with value: 3.820974202156067 and parameters: {'lr': 0.0001, 'h1': 512, 'h2': 256, 'batch_size': 4, 'num_epochs': 100}. Best is trial 43 with value: 3.6479559755325317.
[I 2024-03-23 10:30:04,767] Trial 75 finished with value: 3.947196179628372 and parameters: {'lr': 0.0001, 'h1': 256, 'h2': 256, 'batch_size': 16, 'num_epochs': 200}. Best is trial 43 with value: 3.6479559755325317.
[I 2024-03-23 10:30:31,075] Trial 76 finished with value: 3.8479686657587684 and parameters: {'lr': 5e-05, 'h1': 256, 'h2': 1024, 'batch_size': 8, 'num_epochs': 300}. Best is trial 43 with value: 3.6479559755325317.
[I 2024-03-23 10:30:40,547] Trial 77 finished with value: 3.988957440853119 and parameters: {'lr': 0.001, 'h1': 512, 'h2': 256, 'batch_size': 16, 'num_epochs': 200}. Best is trial 43 with value: 3.6479559755325317.
[I 2024-03-23 10:30:54,741] Trial 78 finished with value: 3.905231314897537 and parameters: {'lr': 0.001, 'h1': 1024, 'h2': 256, 'batch_size': 16, 'num_epochs': 300}. Best is trial 43 with value: 3.6479559755325317.
[I 2024-03-23 10:30:59,655] Trial 79 finished with value: 3.761634957790375 and parameters: {'lr': 0.0001, 'h1': 1024, 'h2': 512, 'batch_size': 16, 'num_epochs': 100}. Best is trial 43 with value: 3.6479559755325317.
[I 2024-03-23 10:31:26,929] Trial 80 finished with value: 3.7201237241427103 and parameters: {'lr': 0.0001, 'h1': 512, 'h2': 1024, 'batch_size': 8, 'num_epochs': 300}. Best is trial 43 with value: 3.6479559755325317.
[I 2024-03-23 10:31:42,816] Trial 81 finished with value: 3.739158239364624 and parameters: {'lr': 0.0001, 'h1': 512, 'h2': 512, 'batch_size': 4, 'num_epochs': 100}. Best is trial 43 with value: 3.6479559755325317.
[I 2024-03-23 10:32:30,185] Trial 82 finished with value: 3.7984201645851137 and parameters: {'lr': 5e-05, 'h1': 1024, 'h2': 256, 'batch_size': 4, 'num_epochs': 300}. Best is trial 43 with value: 3.6479559755325317.
[I 2024-03-23 10:32:44,188] Trial 83 finished with value: 3.8541564643383026 and parameters: {'lr': 5e-05, 'h1': 256, 'h2': 256, 'batch_size': 16, 'num_epochs': 300}. Best is trial 43 with value: 3.6479559755325317.
[I 2024-03-23 10:33:10,632] Trial 84 finished with value: 3.8484984159469606 and parameters: {'lr': 5e-05, 'h1': 1024, 'h2': 512, 'batch_size': 8, 'num_epochs': 300}. Best is trial 43 with value: 3.6479559755325317.
[I 2024-03-23 10:33:27,908] Trial 85 finished with value: 3.8703948974609377 and parameters: {'lr': 0.001, 'h1': 1024, 'h2': 256, 'batch_size': 8, 'num_epochs': 200}. Best is trial 43 with value: 3.6479559755325317.
[I 2024-03-23 10:33:32,690] Trial 86 finished with value: 3.9705525934696198 and parameters: {'lr': 0.001, 'h1': 512, 'h2': 512, 'batch_size': 16, 'num_epochs': 100}. Best is trial 43 with value: 3.6479559755325317.
[I 2024-03-23 10:33:48,385] Trial 87 finished with value: 3.7392136979103094 and parameters: {'lr': 5e-05, 'h1': 1024, 'h2': 256, 'batch_size': 4, 'num_epochs': 100}. Best is trial 43 with value: 3.6479559755325317.
[I 2024-03-23 10:34:36,639] Trial 88 finished with value: 3.7494684553146365 and parameters: {'lr': 5e-05, 'h1': 1024, 'h2': 512, 'batch_size': 4, 'num_epochs': 300}. Best is trial 43 with value: 3.6479559755325317.
[I 2024-03-23 10:35:02,398] Trial 89 finished with value: 3.8237134218215942 and parameters: {'lr': 5e-05, 'h1': 512, 'h2': 512, 'batch_size': 8, 'num_epochs': 300}. Best is trial 43 with value: 3.6479559755325317.
[I 2024-03-23 10:35:12,080] Trial 90 finished with value: 3.662386155128479 and parameters: {'lr': 0.0001, 'h1': 1024, 'h2': 1024, 'batch_size': 8, 'num_epochs': 100}. Best is trial 43 with value: 3.6479559755325317.
[I 2024-03-23 10:35:43,132] Trial 91 finished with value: 3.710648589134216 and parameters: {'lr': 5e-05, 'h1': 512, 'h2': 256, 'batch_size': 4, 'num_epochs': 200}. Best is trial 43 with value: 3.6479559755325317.
[I 2024-03-23 10:35:57,573] Trial 92 finished with value: 3.997197186946869 and parameters: {'lr': 0.001, 'h1': 1024, 'h2': 512, 'batch_size': 16, 'num_epochs': 300}. Best is trial 43 with value: 3.6479559755325317.
[I 2024-03-23 10:36:08,104] Trial 93 finished with value: 3.7380258202552796 and parameters: {'lr': 0.0001, 'h1': 1024, 'h2': 1024, 'batch_size': 16, 'num_epochs': 200}. Best is trial 43 with value: 3.6479559755325317.
[I 2024-03-23 10:36:57,733] Trial 94 finished with value: 3.7925436997413633 and parameters: {'lr': 0.001, 'h1': 512, 'h2': 1024, 'batch_size': 4, 'num_epochs': 300}. Best is trial 43 with value: 3.6479559755325317.
[I 2024-03-23 10:37:29,057] Trial 95 finished with value: 3.6922557699680327 and parameters: {'lr': 0.001, 'h1': 256, 'h2': 512, 'batch_size': 4, 'num_epochs': 200}. Best is trial 43 with value: 3.6479559755325317.
[I 2024-03-23 10:37:46,332] Trial 96 finished with value: 3.862106521924337 and parameters: {'lr': 0.0001, 'h1': 1024, 'h2': 256, 'batch_size': 8, 'num_epochs': 200}. Best is trial 43 with value: 3.6479559755325317.
[I 2024-03-23 10:37:55,620] Trial 97 finished with value: 3.9041748523712156 and parameters: {'lr': 0.0001, 'h1': 512, 'h2': 256, 'batch_size': 16, 'num_epochs': 200}. Best is trial 43 with value: 3.6479559755325317.
[I 2024-03-23 10:38:26,908] Trial 98 finished with value: 3.698477928638458 and parameters: {'lr': 0.001, 'h1': 512, 'h2': 256, 'batch_size': 4, 'num_epochs': 200}. Best is trial 43 with value: 3.6479559755325317.
[I 2024-03-23 10:38:42,549] Trial 99 finished with value: 3.9310157370567325 and parameters: {'lr': 0.001, 'h1': 256, 'h2': 512, 'batch_size': 4, 'num_epochs': 100}. Best is trial 43 with value: 3.6479559755325317.
[I 2024-03-23 10:38:59,755] Trial 100 finished with value: 3.8453677733739218 and parameters: {'lr': 5e-05, 'h1': 1024, 'h2': 256, 'batch_size': 8, 'num_epochs': 200}. Best is trial 43 with value: 3.6479559755325317.
