[I 2024-03-23 11:12:49,772] Trial 202 finished with value: 3.7700377511978145 and parameters: {'lr': 5e-05, 'h1': 1024, 'h2': 1024, 'batch_size': 4, 'num_epochs': 100}. Best is trial 158 with value: 3.593979835510254.
[I 2024-03-23 11:13:04,956] Trial 203 finished with value: 3.7595813393592836 and parameters: {'lr': 0.0001, 'h1': 256, 'h2': 256, 'batch_size': 4, 'num_epochs': 100}. Best is trial 158 with value: 3.593979835510254.
[I 2024-03-23 11:13:18,584] Trial 204 finished with value: 3.9131949186325072 and parameters: {'lr': 5e-05, 'h1': 512, 'h2': 256, 'batch_size': 16, 'num_epochs': 300}. Best is trial 158 with value: 3.593979835510254.
[I 2024-03-23 11:13:26,860] Trial 205 finished with value: 3.871318352222443 and parameters: {'lr': 0.0001, 'h1': 256, 'h2': 256, 'batch_size': 8, 'num_epochs': 100}. Best is trial 158 with value: 3.593979835510254.
[I 2024-03-23 11:13:57,588] Trial 206 finished with value: 3.78474680185318 and parameters: {'lr': 0.001, 'h1': 256, 'h2': 256, 'batch_size': 4, 'num_epochs': 200}. Best is trial 158 with value: 3.593979835510254.
[I 2024-03-23 11:14:49,460] Trial 207 finished with value: 3.715497817993164 and parameters: {'lr': 5e-05, 'h1': 1024, 'h2': 1024, 'batch_size': 4, 'num_epochs': 300}. Best is trial 158 with value: 3.593979835510254.
[I 2024-03-23 11:15:06,903] Trial 208 finished with value: 3.9013976971308386 and parameters: {'lr': 0.0001, 'h1': 512, 'h2': 1024, 'batch_size': 8, 'num_epochs': 200}. Best is trial 158 with value: 3.593979835510254.
[I 2024-03-23 11:15:15,518] Trial 209 finished with value: 3.6747418880462646 and parameters: {'lr': 0.0001, 'h1': 512, 'h2': 1024, 'batch_size': 8, 'num_epochs': 100}. Best is trial 158 with value: 3.593979835510254.
[I 2024-03-23 11:15:32,630] Trial 210 finished with value: 3.9119899749755858 and parameters: {'lr': 0.0001, 'h1': 256, 'h2': 1024, 'batch_size': 8, 'num_epochs': 200}. Best is trial 158 with value: 3.593979835510254.
[I 2024-03-23 11:15:37,470] Trial 211 finished with value: 3.8846611201763155 and parameters: {'lr': 5e-05, 'h1': 1024, 'h2': 256, 'batch_size': 16, 'num_epochs': 100}. Best is trial 158 with value: 3.593979835510254.
[I 2024-03-23 11:16:23,823] Trial 212 finished with value: 3.6727129864692687 and parameters: {'lr': 0.001, 'h1': 256, 'h2': 512, 'batch_size': 4, 'num_epochs': 300}. Best is trial 158 with value: 3.593979835510254.
[I 2024-03-23 11:16:28,675] Trial 213 finished with value: 3.629281386733055 and parameters: {'lr': 0.001, 'h1': 256, 'h2': 1024, 'batch_size': 16, 'num_epochs': 100}. Best is trial 158 with value: 3.593979835510254.
[I 2024-03-23 11:16:33,300] Trial 214 finished with value: 3.957191061973572 and parameters: {'lr': 5e-05, 'h1': 512, 'h2': 256, 'batch_size': 16, 'num_epochs': 100}. Best is trial 158 with value: 3.593979835510254.
[I 2024-03-23 11:16:59,202] Trial 215 finished with value: 3.924799859523773 and parameters: {'lr': 0.0001, 'h1': 512, 'h2': 512, 'batch_size': 8, 'num_epochs': 300}. Best is trial 158 with value: 3.593979835510254.
[I 2024-03-23 11:17:07,729] Trial 216 finished with value: 3.8641372839609778 and parameters: {'lr': 5e-05, 'h1': 512, 'h2': 256, 'batch_size': 8, 'num_epochs': 100}. Best is trial 158 with value: 3.593979835510254.
[I 2024-03-23 11:17:33,800] Trial 217 finished with value: 3.864782953262329 and parameters: {'lr': 5e-05, 'h1': 1024, 'h2': 256, 'batch_size': 8, 'num_epochs': 300}. Best is trial 158 with value: 3.593979835510254.
[I 2024-03-23 11:17:42,497] Trial 218 finished with value: 3.8818792343139656 and parameters: {'lr': 5e-05, 'h1': 256, 'h2': 256, 'batch_size': 8, 'num_epochs': 100}. Best is trial 158 with value: 3.593979835510254.
[I 2024-03-23 11:17:47,267] Trial 219 finished with value: 3.833727216720581 and parameters: {'lr': 0.001, 'h1': 1024, 'h2': 512, 'batch_size': 16, 'num_epochs': 100}. Best is trial 158 with value: 3.593979835510254.
[I 2024-03-23 11:17:52,175] Trial 220 finished with value: 3.7325985193252564 and parameters: {'lr': 0.001, 'h1': 512, 'h2': 1024, 'batch_size': 16, 'num_epochs': 100}. Best is trial 158 with value: 3.593979835510254.
[I 2024-03-23 11:17:56,875] Trial 221 finished with value: 3.962327080965042 and parameters: {'lr': 0.0001, 'h1': 1024, 'h2': 256, 'batch_size': 16, 'num_epochs': 100}. Best is trial 158 with value: 3.593979835510254.
[I 2024-03-23 11:18:45,249] Trial 222 finished with value: 3.7591658973693844 and parameters: {'lr': 0.0001, 'h1': 512, 'h2': 1024, 'batch_size': 4, 'num_epochs': 300}. Best is trial 158 with value: 3.593979835510254.
[I 2024-03-23 11:19:00,875] Trial 223 finished with value: 3.77930193901062 and parameters: {'lr': 0.0001, 'h1': 256, 'h2': 512, 'batch_size': 4, 'num_epochs': 100}. Best is trial 158 with value: 3.593979835510254.
[I 2024-03-23 11:19:10,076] Trial 224 finished with value: 3.962059724330902 and parameters: {'lr': 0.001, 'h1': 256, 'h2': 256, 'batch_size': 16, 'num_epochs': 200}. Best is trial 158 with value: 3.593979835510254.
[I 2024-03-23 11:19:56,549] Trial 225 finished with value: 3.7296294999122614 and parameters: {'lr': 0.0001, 'h1': 256, 'h2': 512, 'batch_size': 4, 'num_epochs': 300}. Best is trial 158 with value: 3.593979835510254.
[I 2024-03-23 11:20:05,163] Trial 226 finished with value: 3.7349955916404722 and parameters: {'lr': 0.0001, 'h1': 512, 'h2': 512, 'batch_size': 8, 'num_epochs': 100}. Best is trial 158 with value: 3.593979835510254.
[I 2024-03-23 11:20:30,707] Trial 227 finished with value: 3.834710399309794 and parameters: {'lr': 0.001, 'h1': 256, 'h2': 256, 'batch_size': 8, 'num_epochs': 300}. Best is trial 158 with value: 3.593979835510254.
[I 2024-03-23 11:20:48,078] Trial 228 finished with value: 3.7898804346720376 and parameters: {'lr': 0.0001, 'h1': 512, 'h2': 512, 'batch_size': 8, 'num_epochs': 200}. Best is trial 158 with value: 3.593979835510254.
[I 2024-03-23 11:20:57,687] Trial 229 finished with value: 3.660010647773743 and parameters: {'lr': 0.001, 'h1': 512, 'h2': 1024, 'batch_size': 16, 'num_epochs': 200}. Best is trial 158 with value: 3.593979835510254.
[I 2024-03-23 11:21:02,917] Trial 230 finished with value: 3.9018196165561676 and parameters: {'lr': 5e-05, 'h1': 1024, 'h2': 1024, 'batch_size': 16, 'num_epochs': 100}. Best is trial 158 with value: 3.593979835510254.
[I 2024-03-23 11:21:07,781] Trial 231 finished with value: 3.8923230171203613 and parameters: {'lr': 5e-05, 'h1': 512, 'h2': 1024, 'batch_size': 16, 'num_epochs': 100}. Best is trial 158 with value: 3.593979835510254.
[I 2024-03-23 11:21:54,167] Trial 232 finished with value: 3.744710519313813 and parameters: {'lr': 5e-05, 'h1': 512, 'h2': 512, 'batch_size': 4, 'num_epochs': 300}. Best is trial 158 with value: 3.593979835510254.
[I 2024-03-23 11:22:03,678] Trial 233 finished with value: 3.917443907260895 and parameters: {'lr': 0.0001, 'h1': 1024, 'h2': 256, 'batch_size': 16, 'num_epochs': 200}. Best is trial 158 with value: 3.593979835510254.
[I 2024-03-23 11:22:51,411] Trial 234 finished with value: 3.8386821889877316 and parameters: {'lr': 0.0001, 'h1': 256, 'h2': 1024, 'batch_size': 4, 'num_epochs': 300}. Best is trial 158 with value: 3.593979835510254.
[I 2024-03-23 11:23:05,488] Trial 235 finished with value: 3.8954079896211624 and parameters: {'lr': 0.001, 'h1': 256, 'h2': 256, 'batch_size': 16, 'num_epochs': 300}. Best is trial 158 with value: 3.593979835510254.
[I 2024-03-23 11:23:31,486] Trial 236 finished with value: 3.802158327897389 and parameters: {'lr': 0.001, 'h1': 512, 'h2': 512, 'batch_size': 8, 'num_epochs': 300}. Best is trial 158 with value: 3.593979835510254.
[I 2024-03-23 11:23:45,407] Trial 237 finished with value: 3.866788625717163 and parameters: {'lr': 5e-05, 'h1': 1024, 'h2': 256, 'batch_size': 16, 'num_epochs': 300}. Best is trial 158 with value: 3.593979835510254.
[I 2024-03-23 11:24:10,641] Trial 238 finished with value: 3.946619248390198 and parameters: {'lr': 0.0001, 'h1': 256, 'h2': 512, 'batch_size': 8, 'num_epochs': 300}. Best is trial 158 with value: 3.593979835510254.
[I 2024-03-23 11:24:19,162] Trial 239 finished with value: 3.769024682044983 and parameters: {'lr': 0.001, 'h1': 512, 'h2': 256, 'batch_size': 8, 'num_epochs': 100}. Best is trial 158 with value: 3.593979835510254.
[I 2024-03-23 11:24:28,603] Trial 240 finished with value: 3.8802222311496735 and parameters: {'lr': 0.0001, 'h1': 1024, 'h2': 512, 'batch_size': 16, 'num_epochs': 200}. Best is trial 158 with value: 3.593979835510254.
[I 2024-03-23 11:24:45,949] Trial 241 finished with value: 3.840847816467286 and parameters: {'lr': 0.0001, 'h1': 1024, 'h2': 1024, 'batch_size': 4, 'num_epochs': 100}. Best is trial 158 with value: 3.593979835510254.
[I 2024-03-23 11:24:54,245] Trial 242 finished with value: 3.897304153442383 and parameters: {'lr': 0.001, 'h1': 256, 'h2': 256, 'batch_size': 8, 'num_epochs': 100}. Best is trial 158 with value: 3.593979835510254.
