[I 2024-03-22 23:50:55,180] Trial 201 finished with value: 0.609160911328094 and parameters: {'lr': 5e-05, 'h1': 1024, 'h2': 1024, 'batch_size': 4, 'num_epochs': 100}. Best is trial 133 with value: 0.6478162910361053.
[I 2024-03-22 23:51:52,773] Trial 202 finished with value: 0.6180121155255586 and parameters: {'lr': 0.0001, 'h1': 512, 'h2': 1024, 'batch_size': 4, 'num_epochs': 300}. Best is trial 133 with value: 0.6478162910361053.
[I 2024-03-22 23:52:24,337] Trial 203 finished with value: 0.6287480785468402 and parameters: {'lr': 0.001, 'h1': 256, 'h2': 256, 'batch_size': 8, 'num_epochs': 300}. Best is trial 133 with value: 0.6478162910361053.
[I 2024-03-22 23:52:42,607] Trial 204 finished with value: 0.6082632125356584 and parameters: {'lr': 0.0001, 'h1': 1024, 'h2': 512, 'batch_size': 4, 'num_epochs': 100}. Best is trial 133 with value: 0.6478162910361053.
[I 2024-03-22 23:53:03,418] Trial 205 finished with value: 0.5870942614498098 and parameters: {'lr': 0.0001, 'h1': 1024, 'h2': 256, 'batch_size': 8, 'num_epochs': 200}. Best is trial 133 with value: 0.6478162910361053.
[I 2024-03-22 23:53:20,991] Trial 206 finished with value: 0.6051517302967523 and parameters: {'lr': 0.001, 'h1': 1024, 'h2': 256, 'batch_size': 4, 'num_epochs': 100}. Best is trial 133 with value: 0.6478162910361053.
[I 2024-03-22 23:53:42,172] Trial 207 finished with value: 0.5953762426265278 and parameters: {'lr': 5e-05, 'h1': 256, 'h2': 256, 'batch_size': 8, 'num_epochs': 200}. Best is trial 133 with value: 0.6478162910361053.
[I 2024-03-22 23:54:36,472] Trial 208 finished with value: 0.5762980401272727 and parameters: {'lr': 5e-05, 'h1': 1024, 'h2': 256, 'batch_size': 4, 'num_epochs': 300}. Best is trial 133 with value: 0.6478162910361053.
[I 2024-03-22 23:54:43,138] Trial 209 finished with value: 0.5967207199405342 and parameters: {'lr': 5e-05, 'h1': 512, 'h2': 1024, 'batch_size': 16, 'num_epochs': 100}. Best is trial 133 with value: 0.6478162910361053.
[I 2024-03-22 23:54:49,495] Trial 210 finished with value: 0.6089566096279475 and parameters: {'lr': 0.001, 'h1': 512, 'h2': 512, 'batch_size': 16, 'num_epochs': 100}. Best is trial 133 with value: 0.6478162910361053.
[I 2024-03-22 23:55:10,618] Trial 211 finished with value: 0.6086961129685587 and parameters: {'lr': 0.0001, 'h1': 1024, 'h2': 512, 'batch_size': 8, 'num_epochs': 200}. Best is trial 133 with value: 0.6478162910361053.
[I 2024-03-22 23:55:46,347] Trial 212 finished with value: 0.5981309440654398 and parameters: {'lr': 0.0001, 'h1': 512, 'h2': 512, 'batch_size': 4, 'num_epochs': 200}. Best is trial 133 with value: 0.6478162910361053.
[I 2024-03-22 23:56:04,464] Trial 213 finished with value: 0.6074748780631133 and parameters: {'lr': 0.001, 'h1': 256, 'h2': 1024, 'batch_size': 4, 'num_epochs': 100}. Best is trial 133 with value: 0.6478162910361053.
[I 2024-03-22 23:56:40,238] Trial 214 finished with value: 0.5767274352935099 and parameters: {'lr': 5e-05, 'h1': 512, 'h2': 512, 'batch_size': 4, 'num_epochs': 200}. Best is trial 133 with value: 0.6478162910361053.
[I 2024-03-22 23:56:59,526] Trial 215 finished with value: 0.6069586076299454 and parameters: {'lr': 0.001, 'h1': 256, 'h2': 512, 'batch_size': 16, 'num_epochs': 300}. Best is trial 133 with value: 0.6478162910361053.
[I 2024-03-22 23:57:37,595] Trial 216 finished with value: 0.5981309440654398 and parameters: {'lr': 0.0001, 'h1': 512, 'h2': 1024, 'batch_size': 4, 'num_epochs': 200}. Best is trial 133 with value: 0.6478162910361053.
[I 2024-03-22 23:58:12,898] Trial 217 finished with value: 0.5757198360815764 and parameters: {'lr': 5e-05, 'h1': 1024, 'h2': 1024, 'batch_size': 8, 'num_epochs': 300}. Best is trial 133 with value: 0.6478162910361053.
[I 2024-03-22 23:58:25,453] Trial 218 finished with value: 0.6265736740040145 and parameters: {'lr': 5e-05, 'h1': 1024, 'h2': 256, 'batch_size': 16, 'num_epochs': 200}. Best is trial 133 with value: 0.6478162910361053.
[I 2024-03-22 23:58:36,453] Trial 219 finished with value: 0.5870648172098392 and parameters: {'lr': 5e-05, 'h1': 512, 'h2': 1024, 'batch_size': 8, 'num_epochs': 100}. Best is trial 133 with value: 0.6478162910361053.
[I 2024-03-22 23:58:54,297] Trial 220 finished with value: 0.6167877258801163 and parameters: {'lr': 0.0001, 'h1': 256, 'h2': 256, 'batch_size': 4, 'num_epochs': 100}. Best is trial 133 with value: 0.6478162910361053.
[I 2024-03-22 23:59:56,514] Trial 221 finished with value: 0.587972681275598 and parameters: {'lr': 0.0001, 'h1': 1024, 'h2': 1024, 'batch_size': 4, 'num_epochs': 300}. Best is trial 133 with value: 0.6478162910361053.
[I 2024-03-23 00:00:28,057] Trial 222 finished with value: 0.5889934472132614 and parameters: {'lr': 0.001, 'h1': 512, 'h2': 256, 'batch_size': 8, 'num_epochs': 300}. Best is trial 133 with value: 0.6478162910361053.
[I 2024-03-23 00:00:39,714] Trial 223 finished with value: 0.5793705713112589 and parameters: {'lr': 0.001, 'h1': 1024, 'h2': 1024, 'batch_size': 8, 'num_epochs': 100}. Best is trial 133 with value: 0.6478162910361053.
[I 2024-03-23 00:01:00,612] Trial 224 finished with value: 0.5867731236771485 and parameters: {'lr': 0.0001, 'h1': 256, 'h2': 256, 'batch_size': 8, 'num_epochs': 200}. Best is trial 133 with value: 0.6478162910361053.
[I 2024-03-23 00:01:07,723] Trial 225 finished with value: 0.6194604363644611 and parameters: {'lr': 0.0001, 'h1': 1024, 'h2': 1024, 'batch_size': 16, 'num_epochs': 100}. Best is trial 133 with value: 0.6478162910361053.
[I 2024-03-23 00:01:46,401] Trial 226 finished with value: 0.5993982075715822 and parameters: {'lr': 0.001, 'h1': 512, 'h2': 1024, 'batch_size': 4, 'num_epochs': 200}. Best is trial 133 with value: 0.6478162910361053.
[I 2024-03-23 00:01:59,612] Trial 227 finished with value: 0.5777361530978934 and parameters: {'lr': 5e-05, 'h1': 512, 'h2': 1024, 'batch_size': 16, 'num_epochs': 200}. Best is trial 133 with value: 0.6478162910361053.
[I 2024-03-23 00:02:19,464] Trial 228 finished with value: 0.5959157251417313 and parameters: {'lr': 0.0001, 'h1': 512, 'h2': 512, 'batch_size': 16, 'num_epochs': 300}. Best is trial 133 with value: 0.6478162910361053.
[I 2024-03-23 00:02:25,909] Trial 229 finished with value: 0.6206870322659797 and parameters: {'lr': 0.001, 'h1': 256, 'h2': 1024, 'batch_size': 16, 'num_epochs': 100}. Best is trial 133 with value: 0.6478162910361053.
[I 2024-03-23 00:03:19,364] Trial 230 finished with value: 0.5785351079134686 and parameters: {'lr': 5e-05, 'h1': 256, 'h2': 256, 'batch_size': 4, 'num_epochs': 300}. Best is trial 133 with value: 0.6478162910361053.
[I 2024-03-23 00:03:36,346] Trial 231 finished with value: 0.6042074990893631 and parameters: {'lr': 0.0001, 'h1': 1024, 'h2': 256, 'batch_size': 4, 'num_epochs': 100}. Best is trial 133 with value: 0.6478162910361053.
[I 2024-03-23 00:03:46,334] Trial 232 finished with value: 0.60578399277112 and parameters: {'lr': 5e-05, 'h1': 1024, 'h2': 512, 'batch_size': 8, 'num_epochs': 100}. Best is trial 133 with value: 0.6478162910361053.
[I 2024-03-23 00:04:04,637] Trial 233 finished with value: 0.58617412895073 and parameters: {'lr': 5e-05, 'h1': 1024, 'h2': 512, 'batch_size': 16, 'num_epochs': 300}. Best is trial 133 with value: 0.6478162910361053.
[I 2024-03-23 00:04:40,163] Trial 234 finished with value: 0.574828281815409 and parameters: {'lr': 0.001, 'h1': 256, 'h2': 512, 'batch_size': 4, 'num_epochs': 200}. Best is trial 133 with value: 0.6478162910361053.
[I 2024-03-23 00:04:46,168] Trial 235 finished with value: 0.5931963946107665 and parameters: {'lr': 0.0001, 'h1': 512, 'h2': 512, 'batch_size': 16, 'num_epochs': 100}. Best is trial 133 with value: 0.6478162910361053.
[I 2024-03-23 00:04:52,217] Trial 236 finished with value: 0.5769387049320241 and parameters: {'lr': 0.0001, 'h1': 512, 'h2': 256, 'batch_size': 16, 'num_epochs': 100}. Best is trial 133 with value: 0.6478162910361053.
[I 2024-03-23 00:04:58,240] Trial 237 finished with value: 0.551798377061535 and parameters: {'lr': 5e-05, 'h1': 512, 'h2': 256, 'batch_size': 16, 'num_epochs': 100}. Best is trial 133 with value: 0.6478162910361053.
[I 2024-03-23 00:05:08,397] Trial 238 finished with value: 0.6184970846328187 and parameters: {'lr': 0.001, 'h1': 1024, 'h2': 256, 'batch_size': 8, 'num_epochs': 100}. Best is trial 133 with value: 0.6478162910361053.
[I 2024-03-23 00:05:27,076] Trial 239 finished with value: 0.5894678424611617 and parameters: {'lr': 5e-05, 'h1': 1024, 'h2': 1024, 'batch_size': 16, 'num_epochs': 300}. Best is trial 133 with value: 0.6478162910361053.
[I 2024-03-23 00:05:56,453] Trial 240 finished with value: 0.5739047536570757 and parameters: {'lr': 0.001, 'h1': 512, 'h2': 1024, 'batch_size': 8, 'num_epochs': 300}. Best is trial 133 with value: 0.6478162910361053.
[I 2024-03-23 00:06:23,639] Trial 241 finished with value: 0.6106748359999135 and parameters: {'lr': 0.001, 'h1': 1024, 'h2': 256, 'batch_size': 8, 'num_epochs': 300}. Best is trial 133 with value: 0.6478162910361053.
[I 2024-03-23 00:06:50,854] Trial 242 finished with value: 0.6170576314131797 and parameters: {'lr': 0.001, 'h1': 1024, 'h2': 512, 'batch_size': 8, 'num_epochs': 300}. Best is trial 133 with value: 0.6478162910361053.
