[I 2024-03-22 02:39:28,918] Trial 201 finished with value: 0.3889962053950974 and parameters: {'lr': 0.0001, 'h1': 256, 'h2': 1024, 'batch_size': 16, 'num_epochs': 300}. Best is trial 125 with value: 0.43016088866504376.
[I 2024-03-22 02:40:18,531] Trial 202 finished with value: 0.3480414202240828 and parameters: {'lr': 0.001, 'h1': 512, 'h2': 1024, 'batch_size': 8, 'num_epochs': 100}. Best is trial 125 with value: 0.43016088866504376.
[I 2024-03-22 02:41:09,313] Trial 203 finished with value: 0.33452621374244323 and parameters: {'lr': 0.0001, 'h1': 256, 'h2': 256, 'batch_size': 16, 'num_epochs': 200}. Best is trial 125 with value: 0.43016088866504376.
[I 2024-03-22 02:42:39,623] Trial 204 finished with value: 0.3660999030299992 and parameters: {'lr': 0.0001, 'h1': 256, 'h2': 512, 'batch_size': 4, 'num_epochs': 300}. Best is trial 125 with value: 0.43016088866504376.
[I 2024-03-22 02:43:52,341] Trial 205 finished with value: 0.3670099460404169 and parameters: {'lr': 5e-05, 'h1': 1024, 'h2': 256, 'batch_size': 4, 'num_epochs': 200}. Best is trial 125 with value: 0.43016088866504376.
[I 2024-03-22 02:45:26,993] Trial 206 finished with value: 0.3920232330449049 and parameters: {'lr': 0.0001, 'h1': 1024, 'h2': 1024, 'batch_size': 4, 'num_epochs': 300}. Best is trial 125 with value: 0.43016088866504376.
[I 2024-03-22 02:46:35,306] Trial 207 finished with value: 0.39033983560299346 and parameters: {'lr': 0.0001, 'h1': 256, 'h2': 1024, 'batch_size': 8, 'num_epochs': 300}. Best is trial 125 with value: 0.43016088866504376.
[I 2024-03-22 02:47:20,728] Trial 208 finished with value: 0.3761895967990151 and parameters: {'lr': 0.0001, 'h1': 512, 'h2': 1024, 'batch_size': 16, 'num_epochs': 100}. Best is trial 125 with value: 0.43016088866504376.
[I 2024-03-22 02:48:28,436] Trial 209 finished with value: 0.37233730493792416 and parameters: {'lr': 5e-05, 'h1': 256, 'h2': 256, 'batch_size': 8, 'num_epochs': 300}. Best is trial 125 with value: 0.43016088866504376.
[I 2024-03-22 02:49:36,426] Trial 210 finished with value: 0.34033113085744665 and parameters: {'lr': 0.001, 'h1': 512, 'h2': 512, 'batch_size': 8, 'num_epochs': 300}. Best is trial 125 with value: 0.43016088866504376.
[I 2024-03-22 02:50:35,030] Trial 211 finished with value: 0.39563936579416453 and parameters: {'lr': 5e-05, 'h1': 256, 'h2': 512, 'batch_size': 8, 'num_epochs': 200}. Best is trial 125 with value: 0.43016088866504376.
[I 2024-03-22 02:51:32,449] Trial 212 finished with value: 0.4090099652850182 and parameters: {'lr': 0.0001, 'h1': 1024, 'h2': 1024, 'batch_size': 16, 'num_epochs': 300}. Best is trial 125 with value: 0.43016088866504376.
[I 2024-03-22 02:52:29,299] Trial 213 finished with value: 0.36141904878746983 and parameters: {'lr': 0.001, 'h1': 512, 'h2': 1024, 'batch_size': 4, 'num_epochs': 100}. Best is trial 125 with value: 0.43016088866504376.
[I 2024-03-22 02:53:39,658] Trial 214 finished with value: 0.35301544037408467 and parameters: {'lr': 0.001, 'h1': 1024, 'h2': 1024, 'batch_size': 8, 'num_epochs': 300}. Best is trial 125 with value: 0.43016088866504376.
[I 2024-03-22 02:54:39,846] Trial 215 finished with value: 0.4005915106746132 and parameters: {'lr': 5e-05, 'h1': 1024, 'h2': 1024, 'batch_size': 8, 'num_epochs': 200}. Best is trial 125 with value: 0.43016088866504376.
[I 2024-03-22 02:55:37,976] Trial 216 finished with value: 0.3721996098157089 and parameters: {'lr': 5e-05, 'h1': 512, 'h2': 256, 'batch_size': 8, 'num_epochs': 200}. Best is trial 125 with value: 0.43016088866504376.
[I 2024-03-22 02:56:45,802] Trial 217 finished with value: 0.35190199205679085 and parameters: {'lr': 0.001, 'h1': 512, 'h2': 256, 'batch_size': 8, 'num_epochs': 300}. Best is trial 125 with value: 0.43016088866504376.
[I 2024-03-22 02:57:41,743] Trial 218 finished with value: 0.37914938862307285 and parameters: {'lr': 0.0001, 'h1': 1024, 'h2': 256, 'batch_size': 16, 'num_epochs': 300}. Best is trial 125 with value: 0.43016088866504376.
[I 2024-03-22 02:58:37,639] Trial 219 finished with value: 0.39626034096622337 and parameters: {'lr': 0.0001, 'h1': 256, 'h2': 512, 'batch_size': 16, 'num_epochs': 300}. Best is trial 125 with value: 0.43016088866504376.
[I 2024-03-22 02:59:33,618] Trial 220 finished with value: 0.4010184521541862 and parameters: {'lr': 5e-05, 'h1': 1024, 'h2': 256, 'batch_size': 4, 'num_epochs': 100}. Best is trial 125 with value: 0.43016088866504376.
[I 2024-03-22 03:00:22,525] Trial 221 finished with value: 0.3966498413866835 and parameters: {'lr': 5e-05, 'h1': 256, 'h2': 512, 'batch_size': 8, 'num_epochs': 100}. Best is trial 125 with value: 0.43016088866504376.
[I 2024-03-22 03:01:07,669] Trial 222 finished with value: 0.3680944294240693 and parameters: {'lr': 0.0001, 'h1': 1024, 'h2': 256, 'batch_size': 16, 'num_epochs': 100}. Best is trial 125 with value: 0.43016088866504376.
[I 2024-03-22 03:02:03,736] Trial 223 finished with value: 0.3903841703532106 and parameters: {'lr': 0.001, 'h1': 256, 'h2': 512, 'batch_size': 16, 'num_epochs': 300}. Best is trial 125 with value: 0.43016088866504376.
[I 2024-03-22 03:03:16,352] Trial 224 finished with value: 0.39469390258863946 and parameters: {'lr': 0.0001, 'h1': 512, 'h2': 256, 'batch_size': 4, 'num_epochs': 200}. Best is trial 125 with value: 0.43016088866504376.
[I 2024-03-22 03:04:25,197] Trial 225 finished with value: 0.37239041660094285 and parameters: {'lr': 0.0001, 'h1': 512, 'h2': 1024, 'batch_size': 8, 'num_epochs': 300}. Best is trial 125 with value: 0.43016088866504376.
[I 2024-03-22 03:05:32,660] Trial 226 finished with value: 0.39035186727707505 and parameters: {'lr': 5e-05, 'h1': 512, 'h2': 256, 'batch_size': 8, 'num_epochs': 300}. Best is trial 125 with value: 0.43016088866504376.
[I 2024-03-22 03:06:28,801] Trial 227 finished with value: 0.3863400895810868 and parameters: {'lr': 0.0001, 'h1': 512, 'h2': 512, 'batch_size': 16, 'num_epochs': 300}. Best is trial 125 with value: 0.43016088866504376.
[I 2024-03-22 03:07:38,977] Trial 228 finished with value: 0.363602420970842 and parameters: {'lr': 0.0001, 'h1': 1024, 'h2': 1024, 'batch_size': 8, 'num_epochs': 300}. Best is trial 125 with value: 0.43016088866504376.
[I 2024-03-22 03:08:37,132] Trial 229 finished with value: 0.39347249585639676 and parameters: {'lr': 5e-05, 'h1': 1024, 'h2': 256, 'batch_size': 8, 'num_epochs': 200}. Best is trial 125 with value: 0.43016088866504376.
[I 2024-03-22 03:09:28,000] Trial 230 finished with value: 0.37791271028683443 and parameters: {'lr': 5e-05, 'h1': 256, 'h2': 1024, 'batch_size': 16, 'num_epochs': 200}. Best is trial 125 with value: 0.43016088866504376.
[I 2024-03-22 03:10:19,471] Trial 231 finished with value: 0.3619046622452195 and parameters: {'lr': 5e-05, 'h1': 1024, 'h2': 1024, 'batch_size': 16, 'num_epochs': 200}. Best is trial 125 with value: 0.43016088866504376.
[I 2024-03-22 03:11:26,970] Trial 232 finished with value: 0.3679094349063389 and parameters: {'lr': 0.001, 'h1': 256, 'h2': 512, 'batch_size': 8, 'num_epochs': 300}. Best is trial 125 with value: 0.43016088866504376.
[I 2024-03-22 03:12:17,227] Trial 233 finished with value: 0.3750873103504683 and parameters: {'lr': 0.0001, 'h1': 1024, 'h2': 256, 'batch_size': 8, 'num_epochs': 100}. Best is trial 125 with value: 0.43016088866504376.
[I 2024-03-22 03:13:08,713] Trial 234 finished with value: 0.39034368832152766 and parameters: {'lr': 0.001, 'h1': 1024, 'h2': 1024, 'batch_size': 16, 'num_epochs': 200}. Best is trial 125 with value: 0.43016088866504376.
[I 2024-03-22 03:14:17,508] Trial 235 finished with value: 0.40308547869489697 and parameters: {'lr': 0.001, 'h1': 512, 'h2': 1024, 'batch_size': 8, 'num_epochs': 300}. Best is trial 125 with value: 0.43016088866504376.
[I 2024-03-22 03:15:02,370] Trial 236 finished with value: 0.38360340725665804 and parameters: {'lr': 0.001, 'h1': 256, 'h2': 256, 'batch_size': 16, 'num_epochs': 100}. Best is trial 125 with value: 0.43016088866504376.
[I 2024-03-22 03:16:10,115] Trial 237 finished with value: 0.41420643873715407 and parameters: {'lr': 0.0001, 'h1': 256, 'h2': 512, 'batch_size': 8, 'num_epochs': 300}. Best is trial 125 with value: 0.43016088866504376.
[I 2024-03-22 03:17:06,218] Trial 238 finished with value: 0.37422799422799424 and parameters: {'lr': 0.0001, 'h1': 512, 'h2': 512, 'batch_size': 4, 'num_epochs': 100}. Best is trial 125 with value: 0.43016088866504376.
[I 2024-03-22 03:17:51,358] Trial 239 finished with value: 0.41314630366284266 and parameters: {'lr': 5e-05, 'h1': 512, 'h2': 512, 'batch_size': 16, 'num_epochs': 100}. Best is trial 125 with value: 0.43016088866504376.
[I 2024-03-22 03:19:04,420] Trial 240 finished with value: 0.4053694843168527 and parameters: {'lr': 0.001, 'h1': 256, 'h2': 1024, 'batch_size': 4, 'num_epochs': 200}. Best is trial 125 with value: 0.43016088866504376.
[I 2024-03-22 03:20:12,125] Trial 241 finished with value: 0.3569675078963005 and parameters: {'lr': 0.0001, 'h1': 512, 'h2': 256, 'batch_size': 8, 'num_epochs': 300}. Best is trial 125 with value: 0.43016088866504376.
[I 2024-03-22 03:20:57,548] Trial 242 finished with value: 0.3815072371728718 and parameters: {'lr': 0.001, 'h1': 1024, 'h2': 1024, 'batch_size': 16, 'num_epochs': 100}. Best is trial 125 with value: 0.43016088866504376.
