[I 2024-03-21 23:02:16,528] A new study created in memory with name: no-name-ec2b763e-7aef-4c6c-bf8c-f5bebffa5c7d
[I 2024-03-21 23:03:20,196] Trial 0 finished with value: 0.4249171880750827 and parameters: {'lr': 0.001, 'h1': 256, 'h2': 256, 'batch_size': 8, 'num_epochs': 100}. Best is trial 0 with value: 0.4249171880750827.
[I 2024-03-21 23:04:19,535] Trial 1 finished with value: 0.3728369192048514 and parameters: {'lr': 0.001, 'h1': 1024, 'h2': 256, 'batch_size': 4, 'num_epochs': 100}. Best is trial 0 with value: 0.4249171880750827.
[I 2024-03-21 23:05:21,665] Trial 2 finished with value: 0.38495793851831 and parameters: {'lr': 0.001, 'h1': 256, 'h2': 256, 'batch_size': 8, 'num_epochs': 200}. Best is trial 0 with value: 0.4249171880750827.
[I 2024-03-21 23:06:10,035] Trial 3 finished with value: 0.36773261518413874 and parameters: {'lr': 0.001, 'h1': 256, 'h2': 1024, 'batch_size': 16, 'num_epochs': 100}. Best is trial 0 with value: 0.4249171880750827.
[I 2024-03-21 23:07:11,990] Trial 4 finished with value: 0.3976528442317916 and parameters: {'lr': 0.0001, 'h1': 512, 'h2': 512, 'batch_size': 8, 'num_epochs': 200}. Best is trial 0 with value: 0.4249171880750827.
[I 2024-03-21 23:08:14,292] Trial 5 finished with value: 0.3444933978989707 and parameters: {'lr': 0.001, 'h1': 1024, 'h2': 256, 'batch_size': 8, 'num_epochs': 200}. Best is trial 0 with value: 0.4249171880750827.
[I 2024-03-21 23:09:25,915] Trial 6 finished with value: 0.36006225628516647 and parameters: {'lr': 0.001, 'h1': 1024, 'h2': 256, 'batch_size': 8, 'num_epochs': 300}. Best is trial 0 with value: 0.4249171880750827.
[I 2024-03-21 23:10:25,491] Trial 7 finished with value: 0.3574294745502176 and parameters: {'lr': 0.0001, 'h1': 256, 'h2': 512, 'batch_size': 4, 'num_epochs': 100}. Best is trial 0 with value: 0.4249171880750827.
[I 2024-03-21 23:11:37,206] Trial 8 finished with value: 0.4026611915776003 and parameters: {'lr': 0.0001, 'h1': 512, 'h2': 512, 'batch_size': 8, 'num_epochs': 300}. Best is trial 0 with value: 0.4249171880750827.
[I 2024-03-21 23:12:37,630] Trial 9 finished with value: 0.3704661764104489 and parameters: {'lr': 0.0001, 'h1': 1024, 'h2': 512, 'batch_size': 16, 'num_epochs': 300}. Best is trial 0 with value: 0.4249171880750827.
[I 2024-03-21 23:13:30,767] Trial 10 finished with value: 0.35644442281235506 and parameters: {'lr': 0.0001, 'h1': 512, 'h2': 512, 'batch_size': 8, 'num_epochs': 100}. Best is trial 0 with value: 0.4249171880750827.
[I 2024-03-21 23:14:42,749] Trial 11 finished with value: 0.3935353535353535 and parameters: {'lr': 0.0001, 'h1': 256, 'h2': 256, 'batch_size': 8, 'num_epochs': 300}. Best is trial 0 with value: 0.4249171880750827.
[I 2024-03-21 23:16:16,459] Trial 12 finished with value: 0.3717030991024799 and parameters: {'lr': 5e-05, 'h1': 1024, 'h2': 512, 'batch_size': 4, 'num_epochs': 300}. Best is trial 0 with value: 0.4249171880750827.
[I 2024-03-21 23:17:05,671] Trial 13 finished with value: 0.4125102898477512 and parameters: {'lr': 5e-05, 'h1': 256, 'h2': 1024, 'batch_size': 16, 'num_epochs': 100}. Best is trial 0 with value: 0.4249171880750827.
[I 2024-03-21 23:18:06,385] Trial 14 finished with value: 0.3901731533000883 and parameters: {'lr': 0.0001, 'h1': 512, 'h2': 256, 'batch_size': 16, 'num_epochs': 300}. Best is trial 0 with value: 0.4249171880750827.
[I 2024-03-21 23:19:39,807] Trial 15 finished with value: 0.3733516160662975 and parameters: {'lr': 0.001, 'h1': 512, 'h2': 256, 'batch_size': 4, 'num_epochs': 300}. Best is trial 0 with value: 0.4249171880750827.
[I 2024-03-21 23:20:29,629] Trial 16 finished with value: 0.3945191976925723 and parameters: {'lr': 5e-05, 'h1': 1024, 'h2': 1024, 'batch_size': 16, 'num_epochs': 100}. Best is trial 0 with value: 0.4249171880750827.
[I 2024-03-21 23:22:03,894] Trial 17 finished with value: 0.3972878380830149 and parameters: {'lr': 5e-05, 'h1': 256, 'h2': 1024, 'batch_size': 4, 'num_epochs': 300}. Best is trial 0 with value: 0.4249171880750827.
[I 2024-03-21 23:23:07,928] Trial 18 finished with value: 0.38289691768590256 and parameters: {'lr': 5e-05, 'h1': 512, 'h2': 1024, 'batch_size': 8, 'num_epochs': 200}. Best is trial 0 with value: 0.4249171880750827.
[I 2024-03-21 23:23:57,234] Trial 19 finished with value: 0.38957977387340265 and parameters: {'lr': 5e-05, 'h1': 256, 'h2': 256, 'batch_size': 16, 'num_epochs': 100}. Best is trial 0 with value: 0.4249171880750827.
[I 2024-03-21 23:25:33,492] Trial 20 finished with value: 0.3890862701291249 and parameters: {'lr': 5e-05, 'h1': 512, 'h2': 1024, 'batch_size': 4, 'num_epochs': 300}. Best is trial 0 with value: 0.4249171880750827.
[I 2024-03-21 23:26:35,714] Trial 21 finished with value: 0.3798629303273266 and parameters: {'lr': 5e-05, 'h1': 512, 'h2': 1024, 'batch_size': 16, 'num_epochs': 300}. Best is trial 0 with value: 0.4249171880750827.
[I 2024-03-21 23:27:25,170] Trial 22 finished with value: 0.3625181712716339 and parameters: {'lr': 5e-05, 'h1': 512, 'h2': 256, 'batch_size': 16, 'num_epochs': 100}. Best is trial 0 with value: 0.4249171880750827.
[I 2024-03-21 23:28:44,186] Trial 23 finished with value: 0.3884666180234047 and parameters: {'lr': 0.0001, 'h1': 512, 'h2': 1024, 'batch_size': 4, 'num_epochs': 200}. Best is trial 0 with value: 0.4249171880750827.
[I 2024-03-21 23:30:19,143] Trial 24 finished with value: 0.38792864342399946 and parameters: {'lr': 0.001, 'h1': 1024, 'h2': 512, 'batch_size': 4, 'num_epochs': 300}. Best is trial 0 with value: 0.4249171880750827.
[I 2024-03-21 23:31:22,859] Trial 25 finished with value: 0.35354725606803167 and parameters: {'lr': 0.0001, 'h1': 256, 'h2': 512, 'batch_size': 8, 'num_epochs': 200}. Best is trial 0 with value: 0.4249171880750827.
[I 2024-03-21 23:32:26,641] Trial 26 finished with value: 0.38696454903885247 and parameters: {'lr': 0.0001, 'h1': 512, 'h2': 256, 'batch_size': 8, 'num_epochs': 200}. Best is trial 0 with value: 0.4249171880750827.
[I 2024-03-21 23:33:27,391] Trial 27 finished with value: 0.3971271538918598 and parameters: {'lr': 5e-05, 'h1': 256, 'h2': 512, 'batch_size': 4, 'num_epochs': 100}. Best is trial 0 with value: 0.4249171880750827.
[I 2024-03-21 23:34:41,881] Trial 28 finished with value: 0.41669811196534357 and parameters: {'lr': 5e-05, 'h1': 256, 'h2': 1024, 'batch_size': 8, 'num_epochs': 300}. Best is trial 0 with value: 0.4249171880750827.
[I 2024-03-21 23:35:59,667] Trial 29 finished with value: 0.3885319290272851 and parameters: {'lr': 0.0001, 'h1': 256, 'h2': 512, 'batch_size': 4, 'num_epochs': 200}. Best is trial 0 with value: 0.4249171880750827.
[I 2024-03-21 23:36:53,887] Trial 30 finished with value: 0.3860491833768679 and parameters: {'lr': 0.0001, 'h1': 512, 'h2': 1024, 'batch_size': 8, 'num_epochs': 100}. Best is trial 0 with value: 0.4249171880750827.
[I 2024-03-21 23:37:56,766] Trial 31 finished with value: 0.3804245362661527 and parameters: {'lr': 0.001, 'h1': 1024, 'h2': 512, 'batch_size': 16, 'num_epochs': 300}. Best is trial 0 with value: 0.4249171880750827.
[I 2024-03-21 23:38:57,798] Trial 32 finished with value: 0.3800521326120153 and parameters: {'lr': 0.0001, 'h1': 256, 'h2': 256, 'batch_size': 4, 'num_epochs': 100}. Best is trial 0 with value: 0.4249171880750827.
[I 2024-03-21 23:40:15,608] Trial 33 finished with value: 0.37087362929468193 and parameters: {'lr': 0.0001, 'h1': 256, 'h2': 256, 'batch_size': 4, 'num_epochs': 200}. Best is trial 0 with value: 0.4249171880750827.
[I 2024-03-21 23:41:16,866] Trial 34 finished with value: 0.4221583095267306 and parameters: {'lr': 5e-05, 'h1': 512, 'h2': 256, 'batch_size': 4, 'num_epochs': 100}. Best is trial 0 with value: 0.4249171880750827.
[I 2024-03-21 23:42:22,610] Trial 35 finished with value: 0.36656565656565654 and parameters: {'lr': 0.001, 'h1': 1024, 'h2': 1024, 'batch_size': 8, 'num_epochs': 200}. Best is trial 0 with value: 0.4249171880750827.
[I 2024-03-21 23:43:26,287] Trial 36 finished with value: 0.37755449229133436 and parameters: {'lr': 0.0001, 'h1': 256, 'h2': 256, 'batch_size': 8, 'num_epochs': 200}. Best is trial 0 with value: 0.4249171880750827.
[I 2024-03-21 23:44:31,051] Trial 37 finished with value: 0.3756057599091655 and parameters: {'lr': 0.001, 'h1': 512, 'h2': 1024, 'batch_size': 8, 'num_epochs': 200}. Best is trial 0 with value: 0.4249171880750827.
[I 2024-03-21 23:45:35,440] Trial 38 finished with value: 0.37458001063264224 and parameters: {'lr': 5e-05, 'h1': 256, 'h2': 256, 'batch_size': 8, 'num_epochs': 200}. Best is trial 0 with value: 0.4249171880750827.
[I 2024-03-21 23:46:53,942] Trial 39 finished with value: 0.3957977079860736 and parameters: {'lr': 0.0001, 'h1': 1024, 'h2': 512, 'batch_size': 4, 'num_epochs': 200}. Best is trial 0 with value: 0.4249171880750827.
[I 2024-03-21 23:47:50,693] Trial 40 finished with value: 0.4040309298725463 and parameters: {'lr': 0.001, 'h1': 256, 'h2': 1024, 'batch_size': 16, 'num_epochs': 200}. Best is trial 0 with value: 0.4249171880750827.
[I 2024-03-21 23:48:44,801] Trial 41 finished with value: 0.40677299308878256 and parameters: {'lr': 0.0001, 'h1': 256, 'h2': 256, 'batch_size': 8, 'num_epochs': 100}. Best is trial 0 with value: 0.4249171880750827.
[I 2024-03-21 23:49:46,889] Trial 42 finished with value: 0.3878917577271822 and parameters: {'lr': 0.0001, 'h1': 512, 'h2': 1024, 'batch_size': 4, 'num_epochs': 100}. Best is trial 0 with value: 0.4249171880750827.
[I 2024-03-21 23:50:49,316] Trial 43 finished with value: 0.41610616765415526 and parameters: {'lr': 0.001, 'h1': 256, 'h2': 256, 'batch_size': 16, 'num_epochs': 300}. Best is trial 0 with value: 0.4249171880750827.
[I 2024-03-21 23:51:52,764] Trial 44 finished with value: 0.3884484198473118 and parameters: {'lr': 0.001, 'h1': 1024, 'h2': 1024, 'batch_size': 4, 'num_epochs': 100}. Best is trial 0 with value: 0.4249171880750827.
[I 2024-03-21 23:52:47,334] Trial 45 finished with value: 0.37892897192066166 and parameters: {'lr': 5e-05, 'h1': 1024, 'h2': 256, 'batch_size': 8, 'num_epochs': 100}. Best is trial 0 with value: 0.4249171880750827.
[I 2024-03-21 23:54:06,155] Trial 46 finished with value: 0.37527624766014855 and parameters: {'lr': 5e-05, 'h1': 512, 'h2': 256, 'batch_size': 4, 'num_epochs': 200}. Best is trial 0 with value: 0.4249171880750827.
[I 2024-03-21 23:55:20,926] Trial 47 finished with value: 0.4144307364643033 and parameters: {'lr': 0.001, 'h1': 256, 'h2': 1024, 'batch_size': 8, 'num_epochs': 300}. Best is trial 0 with value: 0.4249171880750827.
[I 2024-03-21 23:56:18,095] Trial 48 finished with value: 0.37730438464184596 and parameters: {'lr': 0.0001, 'h1': 1024, 'h2': 256, 'batch_size': 16, 'num_epochs': 200}. Best is trial 0 with value: 0.4249171880750827.
[I 2024-03-21 23:57:20,426] Trial 49 finished with value: 0.41429657753757476 and parameters: {'lr': 5e-05, 'h1': 512, 'h2': 256, 'batch_size': 16, 'num_epochs': 300}. Best is trial 0 with value: 0.4249171880750827.
[I 2024-03-21 23:58:15,870] Trial 50 finished with value: 0.39153343768465165 and parameters: {'lr': 0.0001, 'h1': 1024, 'h2': 1024, 'batch_size': 8, 'num_epochs': 100}. Best is trial 0 with value: 0.4249171880750827.
[I 2024-03-21 23:59:34,312] Trial 51 finished with value: 0.3649298654561812 and parameters: {'lr': 0.001, 'h1': 1024, 'h2': 256, 'batch_size': 4, 'num_epochs': 200}. Best is trial 0 with value: 0.4249171880750827.
[I 2024-03-22 00:00:38,811] Trial 52 finished with value: 0.39762295875869286 and parameters: {'lr': 5e-05, 'h1': 256, 'h2': 1024, 'batch_size': 8, 'num_epochs': 200}. Best is trial 0 with value: 0.4249171880750827.
[I 2024-03-22 00:01:52,820] Trial 53 finished with value: 0.3914208567671172 and parameters: {'lr': 5e-05, 'h1': 256, 'h2': 512, 'batch_size': 8, 'num_epochs': 300}. Best is trial 0 with value: 0.4249171880750827.
[I 2024-03-22 00:02:47,300] Trial 54 finished with value: 0.38915398327163037 and parameters: {'lr': 5e-05, 'h1': 256, 'h2': 1024, 'batch_size': 8, 'num_epochs': 100}. Best is trial 0 with value: 0.4249171880750827.
[I 2024-03-22 00:03:50,187] Trial 55 finished with value: 0.35146809023540326 and parameters: {'lr': 0.001, 'h1': 512, 'h2': 512, 'batch_size': 16, 'num_epochs': 300}. Best is trial 0 with value: 0.4249171880750827.
[I 2024-03-22 00:04:52,052] Trial 56 finished with value: 0.3510266754229603 and parameters: {'lr': 0.001, 'h1': 256, 'h2': 256, 'batch_size': 4, 'num_epochs': 100}. Best is trial 0 with value: 0.4249171880750827.
[I 2024-03-22 00:05:50,136] Trial 57 finished with value: 0.3844405271552086 and parameters: {'lr': 0.001, 'h1': 512, 'h2': 256, 'batch_size': 16, 'num_epochs': 200}. Best is trial 0 with value: 0.4249171880750827.
[I 2024-03-22 00:06:54,626] Trial 58 finished with value: 0.3853365317354237 and parameters: {'lr': 0.001, 'h1': 256, 'h2': 1024, 'batch_size': 16, 'num_epochs': 300}. Best is trial 0 with value: 0.4249171880750827.
[I 2024-03-22 00:07:57,523] Trial 59 finished with value: 0.3498405138033621 and parameters: {'lr': 0.001, 'h1': 256, 'h2': 1024, 'batch_size': 4, 'num_epochs': 100}. Best is trial 0 with value: 0.4249171880750827.
[I 2024-03-22 00:09:00,527] Trial 60 finished with value: 0.3785580779910257 and parameters: {'lr': 5e-05, 'h1': 1024, 'h2': 512, 'batch_size': 4, 'num_epochs': 100}. Best is trial 0 with value: 0.4249171880750827.
[I 2024-03-22 00:10:17,220] Trial 61 finished with value: 0.38149715781294724 and parameters: {'lr': 0.0001, 'h1': 1024, 'h2': 512, 'batch_size': 8, 'num_epochs': 300}. Best is trial 0 with value: 0.4249171880750827.
[I 2024-03-22 00:11:09,183] Trial 62 finished with value: 0.36920627016602253 and parameters: {'lr': 5e-05, 'h1': 256, 'h2': 512, 'batch_size': 16, 'num_epochs': 100}. Best is trial 0 with value: 0.4249171880750827.
[I 2024-03-22 00:11:59,951] Trial 63 finished with value: 0.3983781131149552 and parameters: {'lr': 0.001, 'h1': 512, 'h2': 1024, 'batch_size': 16, 'num_epochs': 100}. Best is trial 0 with value: 0.4249171880750827.
[I 2024-03-22 00:13:18,758] Trial 64 finished with value: 0.35704592657175355 and parameters: {'lr': 0.001, 'h1': 1024, 'h2': 512, 'batch_size': 4, 'num_epochs': 200}. Best is trial 0 with value: 0.4249171880750827.
[I 2024-03-22 00:14:09,095] Trial 65 finished with value: 0.37404197146253526 and parameters: {'lr': 0.0001, 'h1': 1024, 'h2': 512, 'batch_size': 16, 'num_epochs': 100}. Best is trial 0 with value: 0.4249171880750827.
[I 2024-03-22 00:15:00,037] Trial 66 finished with value: 0.3903389936516871 and parameters: {'lr': 0.0001, 'h1': 512, 'h2': 512, 'batch_size': 16, 'num_epochs': 100}. Best is trial 0 with value: 0.4249171880750827.
[I 2024-03-22 00:15:54,366] Trial 67 finished with value: 0.38821726496486153 and parameters: {'lr': 5e-05, 'h1': 512, 'h2': 256, 'batch_size': 8, 'num_epochs': 100}. Best is trial 0 with value: 0.4249171880750827.
[I 2024-03-22 00:16:56,103] Trial 68 finished with value: 0.39198401014190487 and parameters: {'lr': 5e-05, 'h1': 256, 'h2': 256, 'batch_size': 4, 'num_epochs': 100}. Best is trial 0 with value: 0.4249171880750827.
[I 2024-03-22 00:18:12,496] Trial 69 finished with value: 0.4240901791887615 and parameters: {'lr': 0.001, 'h1': 256, 'h2': 256, 'batch_size': 8, 'num_epochs': 300}. Best is trial 0 with value: 0.4249171880750827.
[I 2024-03-22 00:19:33,089] Trial 70 finished with value: 0.3709307582682196 and parameters: {'lr': 0.001, 'h1': 256, 'h2': 512, 'batch_size': 4, 'num_epochs': 200}. Best is trial 0 with value: 0.4249171880750827.
[I 2024-03-22 00:20:38,727] Trial 71 finished with value: 0.36970197329330456 and parameters: {'lr': 0.0001, 'h1': 1024, 'h2': 1024, 'batch_size': 4, 'num_epochs': 100}. Best is trial 0 with value: 0.4249171880750827.
[I 2024-03-22 00:21:44,738] Trial 72 finished with value: 0.3753107642271729 and parameters: {'lr': 5e-05, 'h1': 1024, 'h2': 1024, 'batch_size': 4, 'num_epochs': 100}. Best is trial 0 with value: 0.4249171880750827.
[I 2024-03-22 00:22:41,169] Trial 73 finished with value: 0.41005082980315183 and parameters: {'lr': 0.0001, 'h1': 512, 'h2': 256, 'batch_size': 8, 'num_epochs': 100}. Best is trial 0 with value: 0.4249171880750827.
[I 2024-03-22 00:23:37,808] Trial 74 finished with value: 0.4104639189680741 and parameters: {'lr': 5e-05, 'h1': 512, 'h2': 512, 'batch_size': 8, 'num_epochs': 100}. Best is trial 0 with value: 0.4249171880750827.
[I 2024-03-22 00:24:36,668] Trial 75 finished with value: 0.3652627489469594 and parameters: {'lr': 0.001, 'h1': 256, 'h2': 256, 'batch_size': 16, 'num_epochs': 200}. Best is trial 0 with value: 0.4249171880750827.
[I 2024-03-22 00:25:33,457] Trial 76 finished with value: 0.3902232854864434 and parameters: {'lr': 0.001, 'h1': 512, 'h2': 256, 'batch_size': 8, 'num_epochs': 100}. Best is trial 0 with value: 0.4249171880750827.
[I 2024-03-22 00:26:31,653] Trial 77 finished with value: 0.3767878513136783 and parameters: {'lr': 0.001, 'h1': 256, 'h2': 512, 'batch_size': 16, 'num_epochs': 200}. Best is trial 0 with value: 0.4249171880750827.
[I 2024-03-22 00:27:47,274] Trial 78 finished with value: 0.36788331415836717 and parameters: {'lr': 5e-05, 'h1': 512, 'h2': 1024, 'batch_size': 8, 'num_epochs': 300}. Best is trial 0 with value: 0.4249171880750827.
[I 2024-03-22 00:29:09,818] Trial 79 finished with value: 0.3752867464583286 and parameters: {'lr': 0.0001, 'h1': 1024, 'h2': 1024, 'batch_size': 4, 'num_epochs': 200}. Best is trial 0 with value: 0.4249171880750827.
[I 2024-03-22 00:30:29,311] Trial 80 finished with value: 0.38413708790440093 and parameters: {'lr': 5e-05, 'h1': 256, 'h2': 512, 'batch_size': 4, 'num_epochs': 200}. Best is trial 0 with value: 0.4249171880750827.
[I 2024-03-22 00:32:06,238] Trial 81 finished with value: 0.3923342670401494 and parameters: {'lr': 0.001, 'h1': 1024, 'h2': 256, 'batch_size': 4, 'num_epochs': 300}. Best is trial 0 with value: 0.4249171880750827.
[I 2024-03-22 00:32:56,940] Trial 82 finished with value: 0.3749060300046124 and parameters: {'lr': 0.001, 'h1': 1024, 'h2': 256, 'batch_size': 16, 'num_epochs': 100}. Best is trial 0 with value: 0.4249171880750827.
[I 2024-03-22 00:33:48,242] Trial 83 finished with value: 0.37612507927319727 and parameters: {'lr': 0.0001, 'h1': 1024, 'h2': 1024, 'batch_size': 16, 'num_epochs': 100}. Best is trial 0 with value: 0.4249171880750827.
[I 2024-03-22 00:34:53,008] Trial 84 finished with value: 0.36959469359420477 and parameters: {'lr': 0.001, 'h1': 1024, 'h2': 1024, 'batch_size': 16, 'num_epochs': 300}. Best is trial 0 with value: 0.4249171880750827.
[I 2024-03-22 00:35:43,406] Trial 85 finished with value: 0.37769031829973654 and parameters: {'lr': 0.001, 'h1': 512, 'h2': 512, 'batch_size': 16, 'num_epochs': 100}. Best is trial 0 with value: 0.4249171880750827.
[I 2024-03-22 00:36:50,560] Trial 86 finished with value: 0.386530951350896 and parameters: {'lr': 5e-05, 'h1': 1024, 'h2': 1024, 'batch_size': 16, 'num_epochs': 300}. Best is trial 0 with value: 0.4249171880750827.
[I 2024-03-22 00:38:16,202] Trial 87 finished with value: 0.37947748158274475 and parameters: {'lr': 0.001, 'h1': 1024, 'h2': 1024, 'batch_size': 4, 'num_epochs': 200}. Best is trial 0 with value: 0.4249171880750827.
[I 2024-03-22 00:39:19,809] Trial 88 finished with value: 0.3824168990895404 and parameters: {'lr': 0.001, 'h1': 256, 'h2': 512, 'batch_size': 4, 'num_epochs': 100}. Best is trial 0 with value: 0.4249171880750827.
[I 2024-03-22 00:40:19,355] Trial 89 finished with value: 0.3757284328475464 and parameters: {'lr': 5e-05, 'h1': 512, 'h2': 512, 'batch_size': 16, 'num_epochs': 200}. Best is trial 0 with value: 0.4249171880750827.
[I 2024-03-22 00:41:58,296] Trial 90 finished with value: 0.41657236812035575 and parameters: {'lr': 0.0001, 'h1': 256, 'h2': 256, 'batch_size': 4, 'num_epochs': 300}. Best is trial 0 with value: 0.4249171880750827.
[I 2024-03-22 00:43:34,759] Trial 91 finished with value: 0.3870981065717908 and parameters: {'lr': 0.001, 'h1': 256, 'h2': 512, 'batch_size': 4, 'num_epochs': 300}. Best is trial 0 with value: 0.4249171880750827.
[I 2024-03-22 00:44:38,448] Trial 92 finished with value: 0.34967202388255025 and parameters: {'lr': 0.0001, 'h1': 512, 'h2': 1024, 'batch_size': 16, 'num_epochs': 300}. Best is trial 0 with value: 0.4249171880750827.
[I 2024-03-22 00:45:33,238] Trial 93 finished with value: 0.3817079381068301 and parameters: {'lr': 0.001, 'h1': 1024, 'h2': 256, 'batch_size': 8, 'num_epochs': 100}. Best is trial 0 with value: 0.4249171880750827.
[I 2024-03-22 00:46:30,660] Trial 94 finished with value: 0.37062672449669354 and parameters: {'lr': 0.0001, 'h1': 512, 'h2': 1024, 'batch_size': 16, 'num_epochs': 200}. Best is trial 0 with value: 0.4249171880750827.
[I 2024-03-22 00:47:27,887] Trial 95 finished with value: 0.3870999145514381 and parameters: {'lr': 0.0001, 'h1': 512, 'h2': 256, 'batch_size': 16, 'num_epochs': 200}. Best is trial 0 with value: 0.4249171880750827.
[I 2024-03-22 00:48:50,645] Trial 96 finished with value: 0.37906096980889226 and parameters: {'lr': 0.001, 'h1': 512, 'h2': 1024, 'batch_size': 4, 'num_epochs': 200}. Best is trial 0 with value: 0.4249171880750827.
[I 2024-03-22 00:49:43,447] Trial 97 finished with value: 0.3404654379169615 and parameters: {'lr': 0.001, 'h1': 1024, 'h2': 512, 'batch_size': 16, 'num_epochs': 100}. Best is trial 0 with value: 0.4249171880750827.
[I 2024-03-22 00:50:43,186] Trial 98 finished with value: 0.36194647114151757 and parameters: {'lr': 0.0001, 'h1': 1024, 'h2': 512, 'batch_size': 16, 'num_epochs': 200}. Best is trial 0 with value: 0.4249171880750827.
[I 2024-03-22 00:51:40,940] Trial 99 finished with value: 0.39736056495059263 and parameters: {'lr': 0.0001, 'h1': 256, 'h2': 1024, 'batch_size': 8, 'num_epochs': 100}. Best is trial 0 with value: 0.4249171880750827.
[I 2024-03-22 00:52:48,521] Trial 100 finished with value: 0.38044914493830906 and parameters: {'lr': 0.0001, 'h1': 1024, 'h2': 512, 'batch_size': 8, 'num_epochs': 200}. Best is trial 0 with value: 0.4249171880750827.
